The system is: Linux - 4.15.0-118-generic - x86_64
Compiling the C compiler identification source file "CMakeCCompilerId.c" succeeded.
Compiler: /usr/bin/cc 
Build flags: 
Id flags:  

The output was:
0


Compilation of the C compiler identification source "CMakeCCompilerId.c" produced "a.out"

The C compiler identification is GNU, found in "/home/ubuntu/log/glog/google_glog/glog/build/CMakeFiles/3.10.2/CompilerIdC/a.out"

Compiling the CXX compiler identification source file "CMakeCXXCompilerId.cpp" succeeded.
Compiler: /usr/bin/c++ 
Build flags: 
Id flags:  

The output was:
0


Compilation of the CXX compiler identification source "CMakeCXXCompilerId.cpp" produced "a.out"

The CXX compiler identification is GNU, found in "/home/ubuntu/log/glog/google_glog/glog/build/CMakeFiles/3.10.2/CompilerIdCXX/a.out"

Determining if the C compiler works passed with the following output:
Change Dir: /home/ubuntu/log/glog/google_glog/glog/build/CMakeFiles/CMakeTmp

Run Build Command:"/usr/bin/make" "cmTC_e4082/fast"
/usr/bin/make -f CMakeFiles/cmTC_e4082.dir/build.make CMakeFiles/cmTC_e4082.dir/build
make[1]: Entering directory '/home/ubuntu/log/glog/google_glog/glog/build/CMakeFiles/CMakeTmp'
Building C object CMakeFiles/cmTC_e4082.dir/testCCompiler.c.o
/usr/bin/cc    -o CMakeFiles/cmTC_e4082.dir/testCCompiler.c.o   -c /home/ubuntu/log/glog/google_glog/glog/build/CMakeFiles/CMakeTmp/testCCompiler.c
Linking C executable cmTC_e4082
/usr/bin/cmake -E cmake_link_script CMakeFiles/cmTC_e4082.dir/link.txt --verbose=1
/usr/bin/cc      -rdynamic CMakeFiles/cmTC_e4082.dir/testCCompiler.c.o  -o cmTC_e4082 
make[1]: Leaving directory '/home/ubuntu/log/glog/google_glog/glog/build/CMakeFiles/CMakeTmp'


Detecting C compiler ABI info compiled with the following output:
Change Dir: /home/ubuntu/log/glog/google_glog/glog/build/CMakeFiles/CMakeTmp

Run Build Command:"/usr/bin/make" "cmTC_b5e53/fast"
/usr/bin/make -f CMakeFiles/cmTC_b5e53.dir/build.make CMakeFiles/cmTC_b5e53.dir/build
make[1]: Entering directory '/home/ubuntu/log/glog/google_glog/glog/build/CMakeFiles/CMakeTmp'
Building C object CMakeFiles/cmTC_b5e53.dir/CMakeCCompilerABI.c.o
/usr/bin/cc    -o CMakeFiles/cmTC_b5e53.dir/CMakeCCompilerABI.c.o   -c /usr/share/cmake-3.10/Modules/CMakeCCompilerABI.c
Linking C executable cmTC_b5e53
/usr/bin/cmake -E cmake_link_script CMakeFiles/cmTC_b5e53.dir/link.txt --verbose=1
/usr/bin/cc     -v -rdynamic CMakeFiles/cmTC_b5e53.dir/CMakeCCompilerABI.c.o  -o cmTC_b5e53 
Using built-in specs.
COLLECT_GCC=/usr/bin/cc
COLLECT_LTO_WRAPPER=/usr/lib/gcc/x86_64-linux-gnu/7/lto-wrapper
OFFLOAD_TARGET_NAMES=nvptx-none
OFFLOAD_TARGET_DEFAULT=1
Target: x86_64-linux-gnu
Configured with: ../src/configure -v --with-pkgversion='Ubuntu 7.5.0-3ubuntu1~18.04' --with-bugurl=file:///usr/share/doc/gcc-7/README.Bugs --enable-languages=c,ada,c++,go,brig,d,fortran,objc,obj-c++ --prefix=/usr --with-gcc-major-version-only --program-suffix=-7 --program-prefix=x86_64-linux-gnu- --enable-shared --enable-linker-build-id --libexecdir=/usr/lib --without-included-gettext --enable-threads=posix --libdir=/usr/lib --enable-nls --enable-bootstrap --enable-clocale=gnu --enable-libstdcxx-debug --enable-libstdcxx-time=yes --with-default-libstdcxx-abi=new --enable-gnu-unique-object --disable-vtable-verify --enable-libmpx --enable-plugin --enable-default-pie --with-system-zlib --with-target-system-zlib --enable-objc-gc=auto --enable-multiarch --disable-werror --with-arch-32=i686 --with-abi=m64 --with-multilib-list=m32,m64,mx32 --enable-multilib --with-tune=generic --enable-offload-targets=nvptx-none --without-cuda-driver --enable-checking=release --build=x86_64-linux-gnu --host=x86_64-linux-gnu --target=x86_64-linux-gnu
Thread model: posix
gcc version 7.5.0 (Ubuntu 7.5.0-3ubuntu1~18.04) 
COMPILER_PATH=/usr/lib/gcc/x86_64-linux-gnu/7/:/usr/lib/gcc/x86_64-linux-gnu/7/:/usr/lib/gcc/x86_64-linux-gnu/:/usr/lib/gcc/x86_64-linux-gnu/7/:/usr/lib/gcc/x86_64-linux-gnu/
LIBRARY_PATH=/usr/lib/gcc/x86_64-linux-gnu/7/:/usr/lib/gcc/x86_64-linux-gnu/7/../../../x86_64-linux-gnu/:/usr/lib/gcc/x86_64-linux-gnu/7/../../../../lib/:/lib/x86_64-linux-gnu/:/lib/../lib/:/usr/lib/x86_64-linux-gnu/:/usr/lib/../lib/:/usr/lib/gcc/x86_64-linux-gnu/7/../../../:/lib/:/usr/lib/
COLLECT_GCC_OPTIONS='-v' '-rdynamic' '-o' 'cmTC_b5e53' '-mtune=generic' '-march=x86-64'
 /usr/lib/gcc/x86_64-linux-gnu/7/collect2 -plugin /usr/lib/gcc/x86_64-linux-gnu/7/liblto_plugin.so -plugin-opt=/usr/lib/gcc/x86_64-linux-gnu/7/lto-wrapper -plugin-opt=-fresolution=/tmp/ccFAedtf.res -plugin-opt=-pass-through=-lgcc -plugin-opt=-pass-through=-lgcc_s -plugin-opt=-pass-through=-lc -plugin-opt=-pass-through=-lgcc -plugin-opt=-pass-through=-lgcc_s --build-id --eh-frame-hdr -m elf_x86_64 --hash-style=gnu --as-needed -export-dynamic -dynamic-linker /lib64/ld-linux-x86-64.so.2 -pie -z now -z relro -o cmTC_b5e53 /usr/lib/gcc/x86_64-linux-gnu/7/../../../x86_64-linux-gnu/Scrt1.o /usr/lib/gcc/x86_64-linux-gnu/7/../../../x86_64-linux-gnu/crti.o /usr/lib/gcc/x86_64-linux-gnu/7/crtbeginS.o -L/usr/lib/gcc/x86_64-linux-gnu/7 -L/usr/lib/gcc/x86_64-linux-gnu/7/../../../x86_64-linux-gnu -L/usr/lib/gcc/x86_64-linux-gnu/7/../../../../lib -L/lib/x86_64-linux-gnu -L/lib/../lib -L/usr/lib/x86_64-linux-gnu -L/usr/lib/../lib -L/usr/lib/gcc/x86_64-linux-gnu/7/../../.. CMakeFiles/cmTC_b5e53.dir/CMakeCCompilerABI.c.o -lgcc --push-state --as-needed -lgcc_s --pop-state -lc -lgcc --push-state --as-needed -lgcc_s --pop-state /usr/lib/gcc/x86_64-linux-gnu/7/crtendS.o /usr/lib/gcc/x86_64-linux-gnu/7/../../../x86_64-linux-gnu/crtn.o
COLLECT_GCC_OPTIONS='-v' '-rdynamic' '-o' 'cmTC_b5e53' '-mtune=generic' '-march=x86-64'
make[1]: Leaving directory '/home/ubuntu/log/glog/google_glog/glog/build/CMakeFiles/CMakeTmp'


Parsed C implicit link information from above output:
  link line regex: [^( *|.*[/\])(ld|CMAKE_LINK_STARTFILE-NOTFOUND|([^/\]+-)?ld|collect2)[^/\]*( |$)]
  ignore line: [Change Dir: /home/ubuntu/log/glog/google_glog/glog/build/CMakeFiles/CMakeTmp]
  ignore line: []
  ignore line: [Run Build Command:"/usr/bin/make" "cmTC_b5e53/fast"]
  ignore line: [/usr/bin/make -f CMakeFiles/cmTC_b5e53.dir/build.make CMakeFiles/cmTC_b5e53.dir/build]
  ignore line: [make[1]: Entering directory '/home/ubuntu/log/glog/google_glog/glog/build/CMakeFiles/CMakeTmp']
  ignore line: [Building C object CMakeFiles/cmTC_b5e53.dir/CMakeCCompilerABI.c.o]
  ignore line: [/usr/bin/cc    -o CMakeFiles/cmTC_b5e53.dir/CMakeCCompilerABI.c.o   -c /usr/share/cmake-3.10/Modules/CMakeCCompilerABI.c]
  ignore line: [Linking C executable cmTC_b5e53]
  ignore line: [/usr/bin/cmake -E cmake_link_script CMakeFiles/cmTC_b5e53.dir/link.txt --verbose=1]
  ignore line: [/usr/bin/cc     -v -rdynamic CMakeFiles/cmTC_b5e53.dir/CMakeCCompilerABI.c.o  -o cmTC_b5e53 ]
  ignore line: [Using built-in specs.]
  ignore line: [COLLECT_GCC=/usr/bin/cc]
  ignore line: [COLLECT_LTO_WRAPPER=/usr/lib/gcc/x86_64-linux-gnu/7/lto-wrapper]
  ignore line: [OFFLOAD_TARGET_NAMES=nvptx-none]
  ignore line: [OFFLOAD_TARGET_DEFAULT=1]
  ignore line: [Target: x86_64-linux-gnu]
  ignore line: [Configured with: ../src/configure -v --with-pkgversion='Ubuntu 7.5.0-3ubuntu1~18.04' --with-bugurl=file:///usr/share/doc/gcc-7/README.Bugs --enable-languages=c,ada,c++,go,brig,d,fortran,objc,obj-c++ --prefix=/usr --with-gcc-major-version-only --program-suffix=-7 --program-prefix=x86_64-linux-gnu- --enable-shared --enable-linker-build-id --libexecdir=/usr/lib --without-included-gettext --enable-threads=posix --libdir=/usr/lib --enable-nls --enable-bootstrap --enable-clocale=gnu --enable-libstdcxx-debug --enable-libstdcxx-time=yes --with-default-libstdcxx-abi=new --enable-gnu-unique-object --disable-vtable-verify --enable-libmpx --enable-plugin --enable-default-pie --with-system-zlib --with-target-system-zlib --enable-objc-gc=auto --enable-multiarch --disable-werror --with-arch-32=i686 --with-abi=m64 --with-multilib-list=m32,m64,mx32 --enable-multilib --with-tune=generic --enable-offload-targets=nvptx-none --without-cuda-driver --enable-checking=release --build=x86_64-linux-gnu --host=x86_64-linux-gnu --target=x86_64-linux-gnu]
  ignore line: [Thread model: posix]
  ignore line: [gcc version 7.5.0 (Ubuntu 7.5.0-3ubuntu1~18.04) ]
  ignore line: [COMPILER_PATH=/usr/lib/gcc/x86_64-linux-gnu/7/:/usr/lib/gcc/x86_64-linux-gnu/7/:/usr/lib/gcc/x86_64-linux-gnu/:/usr/lib/gcc/x86_64-linux-gnu/7/:/usr/lib/gcc/x86_64-linux-gnu/]
  ignore line: [LIBRARY_PATH=/usr/lib/gcc/x86_64-linux-gnu/7/:/usr/lib/gcc/x86_64-linux-gnu/7/../../../x86_64-linux-gnu/:/usr/lib/gcc/x86_64-linux-gnu/7/../../../../lib/:/lib/x86_64-linux-gnu/:/lib/../lib/:/usr/lib/x86_64-linux-gnu/:/usr/lib/../lib/:/usr/lib/gcc/x86_64-linux-gnu/7/../../../:/lib/:/usr/lib/]
  ignore line: [COLLECT_GCC_OPTIONS='-v' '-rdynamic' '-o' 'cmTC_b5e53' '-mtune=generic' '-march=x86-64']
  link line: [ /usr/lib/gcc/x86_64-linux-gnu/7/collect2 -plugin /usr/lib/gcc/x86_64-linux-gnu/7/liblto_plugin.so -plugin-opt=/usr/lib/gcc/x86_64-linux-gnu/7/lto-wrapper -plugin-opt=-fresolution=/tmp/ccFAedtf.res -plugin-opt=-pass-through=-lgcc -plugin-opt=-pass-through=-lgcc_s -plugin-opt=-pass-through=-lc -plugin-opt=-pass-through=-lgcc -plugin-opt=-pass-through=-lgcc_s --build-id --eh-frame-hdr -m elf_x86_64 --hash-style=gnu --as-needed -export-dynamic -dynamic-linker /lib64/ld-linux-x86-64.so.2 -pie -z now -z relro -o cmTC_b5e53 /usr/lib/gcc/x86_64-linux-gnu/7/../../../x86_64-linux-gnu/Scrt1.o /usr/lib/gcc/x86_64-linux-gnu/7/../../../x86_64-linux-gnu/crti.o /usr/lib/gcc/x86_64-linux-gnu/7/crtbeginS.o -L/usr/lib/gcc/x86_64-linux-gnu/7 -L/usr/lib/gcc/x86_64-linux-gnu/7/../../../x86_64-linux-gnu -L/usr/lib/gcc/x86_64-linux-gnu/7/../../../../lib -L/lib/x86_64-linux-gnu -L/lib/../lib -L/usr/lib/x86_64-linux-gnu -L/usr/lib/../lib -L/usr/lib/gcc/x86_64-linux-gnu/7/../../.. CMakeFiles/cmTC_b5e53.dir/CMakeCCompilerABI.c.o -lgcc --push-state --as-needed -lgcc_s --pop-state -lc -lgcc --push-state --as-needed -lgcc_s --pop-state /usr/lib/gcc/x86_64-linux-gnu/7/crtendS.o /usr/lib/gcc/x86_64-linux-gnu/7/../../../x86_64-linux-gnu/crtn.o]
    arg [/usr/lib/gcc/x86_64-linux-gnu/7/collect2] ==> ignore
    arg [-plugin] ==> ignore
    arg [/usr/lib/gcc/x86_64-linux-gnu/7/liblto_plugin.so] ==> ignore
    arg [-plugin-opt=/usr/lib/gcc/x86_64-linux-gnu/7/lto-wrapper] ==> ignore
    arg [-plugin-opt=-fresolution=/tmp/ccFAedtf.res] ==> ignore
    arg [-plugin-opt=-pass-through=-lgcc] ==> ignore
    arg [-plugin-opt=-pass-through=-lgcc_s] ==> ignore
    arg [-plugin-opt=-pass-through=-lc] ==> ignore
    arg [-plugin-opt=-pass-through=-lgcc] ==> ignore
    arg [-plugin-opt=-pass-through=-lgcc_s] ==> ignore
    arg [--build-id] ==> ignore
    arg [--eh-frame-hdr] ==> ignore
    arg [-m] ==> ignore
    arg [elf_x86_64] ==> ignore
    arg [--hash-style=gnu] ==> ignore
    arg [--as-needed] ==> ignore
    arg [-export-dynamic] ==> ignore
    arg [-dynamic-linker] ==> ignore
    arg [/lib64/ld-linux-x86-64.so.2] ==> ignore
    arg [-pie] ==> ignore
    arg [-znow] ==> ignore
    arg [-zrelro] ==> ignore
    arg [-o] ==> ignore
    arg [cmTC_b5e53] ==> ignore
    arg [/usr/lib/gcc/x86_64-linux-gnu/7/../../../x86_64-linux-gnu/Scrt1.o] ==> ignore
    arg [/usr/lib/gcc/x86_64-linux-gnu/7/../../../x86_64-linux-gnu/crti.o] ==> ignore
    arg [/usr/lib/gcc/x86_64-linux-gnu/7/crtbeginS.o] ==> ignore
    arg [-L/usr/lib/gcc/x86_64-linux-gnu/7] ==> dir [/usr/lib/gcc/x86_64-linux-gnu/7]
    arg [-L/usr/lib/gcc/x86_64-linux-gnu/7/../../../x86_64-linux-gnu] ==> dir [/usr/lib/gcc/x86_64-linux-gnu/7/../../../x86_64-linux-gnu]
    arg [-L/usr/lib/gcc/x86_64-linux-gnu/7/../../../../lib] ==> dir [/usr/lib/gcc/x86_64-linux-gnu/7/../../../../lib]
    arg [-L/lib/x86_64-linux-gnu] ==> dir [/lib/x86_64-linux-gnu]
    arg [-L/lib/../lib] ==> dir [/lib/../lib]
    arg [-L/usr/lib/x86_64-linux-gnu] ==> dir [/usr/lib/x86_64-linux-gnu]
    arg [-L/usr/lib/../lib] ==> dir [/usr/lib/../lib]
    arg [-L/usr/lib/gcc/x86_64-linux-gnu/7/../../..] ==> dir [/usr/lib/gcc/x86_64-linux-gnu/7/../../..]
    arg [CMakeFiles/cmTC_b5e53.dir/CMakeCCompilerABI.c.o] ==> ignore
    arg [-lgcc] ==> lib [gcc]
    arg [--push-state] ==> ignore
    arg [--as-needed] ==> ignore
    arg [-lgcc_s] ==> lib [gcc_s]
    arg [--pop-state] ==> ignore
    arg [-lc] ==> lib [c]
    arg [-lgcc] ==> lib [gcc]
    arg [--push-state] ==> ignore
    arg [--as-needed] ==> ignore
    arg [-lgcc_s] ==> lib [gcc_s]
    arg [--pop-state] ==> ignore
    arg [/usr/lib/gcc/x86_64-linux-gnu/7/crtendS.o] ==> ignore
    arg [/usr/lib/gcc/x86_64-linux-gnu/7/../../../x86_64-linux-gnu/crtn.o] ==> ignore
  collapse library dir [/usr/lib/gcc/x86_64-linux-gnu/7] ==> [/usr/lib/gcc/x86_64-linux-gnu/7]
  collapse library dir [/usr/lib/gcc/x86_64-linux-gnu/7/../../../x86_64-linux-gnu] ==> [/usr/lib/x86_64-linux-gnu]
  collapse library dir [/usr/lib/gcc/x86_64-linux-gnu/7/../../../../lib] ==> [/usr/lib]
  collapse library dir [/lib/x86_64-linux-gnu] ==> [/lib/x86_64-linux-gnu]
  collapse library dir [/lib/../lib] ==> [/lib]
  collapse library dir [/usr/lib/x86_64-linux-gnu] ==> [/usr/lib/x86_64-linux-gnu]
  collapse library dir [/usr/lib/../lib] ==> [/usr/lib]
  collapse library dir [/usr/lib/gcc/x86_64-linux-gnu/7/../../..] ==> [/usr/lib]
  implicit libs: [gcc;gcc_s;c;gcc;gcc_s]
  implicit dirs: [/usr/lib/gcc/x86_64-linux-gnu/7;/usr/lib/x86_64-linux-gnu;/usr/lib;/lib/x86_64-linux-gnu;/lib]
  implicit fwks: []




Detecting C [-std=c11] compiler features compiled with the following output:
Change Dir: /home/ubuntu/log/glog/google_glog/glog/build/CMakeFiles/CMakeTmp

Run Build Command:"/usr/bin/make" "cmTC_2e205/fast"
/usr/bin/make -f CMakeFiles/cmTC_2e205.dir/build.make CMakeFiles/cmTC_2e205.dir/build
make[1]: Entering directory '/home/ubuntu/log/glog/google_glog/glog/build/CMakeFiles/CMakeTmp'
Building C object CMakeFiles/cmTC_2e205.dir/feature_tests.c.o
/usr/bin/cc   -std=c11 -o CMakeFiles/cmTC_2e205.dir/feature_tests.c.o   -c /home/ubuntu/log/glog/google_glog/glog/build/CMakeFiles/feature_tests.c
Linking C executable cmTC_2e205
/usr/bin/cmake -E cmake_link_script CMakeFiles/cmTC_2e205.dir/link.txt --verbose=1
/usr/bin/cc      -rdynamic CMakeFiles/cmTC_2e205.dir/feature_tests.c.o  -o cmTC_2e205 
make[1]: Leaving directory '/home/ubuntu/log/glog/google_glog/glog/build/CMakeFiles/CMakeTmp'


    Feature record: C_FEATURE:1c_function_prototypes
    Feature record: C_FEATURE:1c_restrict
    Feature record: C_FEATURE:1c_static_assert
    Feature record: C_FEATURE:1c_variadic_macros


Detecting C [-std=c99] compiler features compiled with the following output:
Change Dir: /home/ubuntu/log/glog/google_glog/glog/build/CMakeFiles/CMakeTmp

Run Build Command:"/usr/bin/make" "cmTC_9ba07/fast"
/usr/bin/make -f CMakeFiles/cmTC_9ba07.dir/build.make CMakeFiles/cmTC_9ba07.dir/build
make[1]: Entering directory '/home/ubuntu/log/glog/google_glog/glog/build/CMakeFiles/CMakeTmp'
Building C object CMakeFiles/cmTC_9ba07.dir/feature_tests.c.o
/usr/bin/cc   -std=c99 -o CMakeFiles/cmTC_9ba07.dir/feature_tests.c.o   -c /home/ubuntu/log/glog/google_glog/glog/build/CMakeFiles/feature_tests.c
Linking C executable cmTC_9ba07
/usr/bin/cmake -E cmake_link_script CMakeFiles/cmTC_9ba07.dir/link.txt --verbose=1
/usr/bin/cc      -rdynamic CMakeFiles/cmTC_9ba07.dir/feature_tests.c.o  -o cmTC_9ba07 
make[1]: Leaving directory '/home/ubuntu/log/glog/google_glog/glog/build/CMakeFiles/CMakeTmp'


    Feature record: C_FEATURE:1c_function_prototypes
    Feature record: C_FEATURE:1c_restrict
    Feature record: C_FEATURE:0c_static_assert
    Feature record: C_FEATURE:1c_variadic_macros


Detecting C [-std=c90] compiler features compiled with the following output:
Change Dir: /home/ubuntu/log/glog/google_glog/glog/build/CMakeFiles/CMakeTmp

Run Build Command:"/usr/bin/make" "cmTC_210e5/fast"
/usr/bin/make -f CMakeFiles/cmTC_210e5.dir/build.make CMakeFiles/cmTC_210e5.dir/build
make[1]: Entering directory '/home/ubuntu/log/glog/google_glog/glog/build/CMakeFiles/CMakeTmp'
Building C object CMakeFiles/cmTC_210e5.dir/feature_tests.c.o
/usr/bin/cc   -std=c90 -o CMakeFiles/cmTC_210e5.dir/feature_tests.c.o   -c /home/ubuntu/log/glog/google_glog/glog/build/CMakeFiles/feature_tests.c
Linking C executable cmTC_210e5
/usr/bin/cmake -E cmake_link_script CMakeFiles/cmTC_210e5.dir/link.txt --verbose=1
/usr/bin/cc      -rdynamic CMakeFiles/cmTC_210e5.dir/feature_tests.c.o  -o cmTC_210e5 
make[1]: Leaving directory '/home/ubuntu/log/glog/google_glog/glog/build/CMakeFiles/CMakeTmp'


    Feature record: C_FEATURE:1c_function_prototypes
    Feature record: C_FEATURE:0c_restrict
    Feature record: C_FEATURE:0c_static_assert
    Feature record: C_FEATURE:0c_variadic_macros
Determining if the CXX compiler works passed with the following output:
Change Dir: /home/ubuntu/log/glog/google_glog/glog/build/CMakeFiles/CMakeTmp

Run Build Command:"/usr/bin/make" "cmTC_9a772/fast"
/usr/bin/make -f CMakeFiles/cmTC_9a772.dir/build.make CMakeFiles/cmTC_9a772.dir/build
make[1]: Entering directory '/home/ubuntu/log/glog/google_glog/glog/build/CMakeFiles/CMakeTmp'
Building CXX object CMakeFiles/cmTC_9a772.dir/testCXXCompiler.cxx.o
/usr/bin/c++     -o CMakeFiles/cmTC_9a772.dir/testCXXCompiler.cxx.o -c /home/ubuntu/log/glog/google_glog/glog/build/CMakeFiles/CMakeTmp/testCXXCompiler.cxx
Linking CXX executable cmTC_9a772
/usr/bin/cmake -E cmake_link_script CMakeFiles/cmTC_9a772.dir/link.txt --verbose=1
/usr/bin/c++       -rdynamic CMakeFiles/cmTC_9a772.dir/testCXXCompiler.cxx.o  -o cmTC_9a772 
make[1]: Leaving directory '/home/ubuntu/log/glog/google_glog/glog/build/CMakeFiles/CMakeTmp'


Detecting CXX compiler ABI info compiled with the following output:
Change Dir: /home/ubuntu/log/glog/google_glog/glog/build/CMakeFiles/CMakeTmp

Run Build Command:"/usr/bin/make" "cmTC_dfeef/fast"
/usr/bin/make -f CMakeFiles/cmTC_dfeef.dir/build.make CMakeFiles/cmTC_dfeef.dir/build
make[1]: Entering directory '/home/ubuntu/log/glog/google_glog/glog/build/CMakeFiles/CMakeTmp'
Building CXX object CMakeFiles/cmTC_dfeef.dir/CMakeCXXCompilerABI.cpp.o
/usr/bin/c++     -o CMakeFiles/cmTC_dfeef.dir/CMakeCXXCompilerABI.cpp.o -c /usr/share/cmake-3.10/Modules/CMakeCXXCompilerABI.cpp
Linking CXX executable cmTC_dfeef
/usr/bin/cmake -E cmake_link_script CMakeFiles/cmTC_dfeef.dir/link.txt --verbose=1
/usr/bin/c++      -v -rdynamic CMakeFiles/cmTC_dfeef.dir/CMakeCXXCompilerABI.cpp.o  -o cmTC_dfeef 
Using built-in specs.
COLLECT_GCC=/usr/bin/c++
COLLECT_LTO_WRAPPER=/usr/lib/gcc/x86_64-linux-gnu/7/lto-wrapper
OFFLOAD_TARGET_NAMES=nvptx-none
OFFLOAD_TARGET_DEFAULT=1
Target: x86_64-linux-gnu
Configured with: ../src/configure -v --with-pkgversion='Ubuntu 7.5.0-3ubuntu1~18.04' --with-bugurl=file:///usr/share/doc/gcc-7/README.Bugs --enable-languages=c,ada,c++,go,brig,d,fortran,objc,obj-c++ --prefix=/usr --with-gcc-major-version-only --program-suffix=-7 --program-prefix=x86_64-linux-gnu- --enable-shared --enable-linker-build-id --libexecdir=/usr/lib --without-included-gettext --enable-threads=posix --libdir=/usr/lib --enable-nls --enable-bootstrap --enable-clocale=gnu --enable-libstdcxx-debug --enable-libstdcxx-time=yes --with-default-libstdcxx-abi=new --enable-gnu-unique-object --disable-vtable-verify --enable-libmpx --enable-plugin --enable-default-pie --with-system-zlib --with-target-system-zlib --enable-objc-gc=auto --enable-multiarch --disable-werror --with-arch-32=i686 --with-abi=m64 --with-multilib-list=m32,m64,mx32 --enable-multilib --with-tune=generic --enable-offload-targets=nvptx-none --without-cuda-driver --enable-checking=release --build=x86_64-linux-gnu --host=x86_64-linux-gnu --target=x86_64-linux-gnu
Thread model: posix
gcc version 7.5.0 (Ubuntu 7.5.0-3ubuntu1~18.04) 
COMPILER_PATH=/usr/lib/gcc/x86_64-linux-gnu/7/:/usr/lib/gcc/x86_64-linux-gnu/7/:/usr/lib/gcc/x86_64-linux-gnu/:/usr/lib/gcc/x86_64-linux-gnu/7/:/usr/lib/gcc/x86_64-linux-gnu/
LIBRARY_PATH=/usr/lib/gcc/x86_64-linux-gnu/7/:/usr/lib/gcc/x86_64-linux-gnu/7/../../../x86_64-linux-gnu/:/usr/lib/gcc/x86_64-linux-gnu/7/../../../../lib/:/lib/x86_64-linux-gnu/:/lib/../lib/:/usr/lib/x86_64-linux-gnu/:/usr/lib/../lib/:/usr/lib/gcc/x86_64-linux-gnu/7/../../../:/lib/:/usr/lib/
COLLECT_GCC_OPTIONS='-v' '-rdynamic' '-o' 'cmTC_dfeef' '-shared-libgcc' '-mtune=generic' '-march=x86-64'
 /usr/lib/gcc/x86_64-linux-gnu/7/collect2 -plugin /usr/lib/gcc/x86_64-linux-gnu/7/liblto_plugin.so -plugin-opt=/usr/lib/gcc/x86_64-linux-gnu/7/lto-wrapper -plugin-opt=-fresolution=/tmp/ccZ69inF.res -plugin-opt=-pass-through=-lgcc_s -plugin-opt=-pass-through=-lgcc -plugin-opt=-pass-through=-lc -plugin-opt=-pass-through=-lgcc_s -plugin-opt=-pass-through=-lgcc --build-id --eh-frame-hdr -m elf_x86_64 --hash-style=gnu --as-needed -export-dynamic -dynamic-linker /lib64/ld-linux-x86-64.so.2 -pie -z now -z relro -o cmTC_dfeef /usr/lib/gcc/x86_64-linux-gnu/7/../../../x86_64-linux-gnu/Scrt1.o /usr/lib/gcc/x86_64-linux-gnu/7/../../../x86_64-linux-gnu/crti.o /usr/lib/gcc/x86_64-linux-gnu/7/crtbeginS.o -L/usr/lib/gcc/x86_64-linux-gnu/7 -L/usr/lib/gcc/x86_64-linux-gnu/7/../../../x86_64-linux-gnu -L/usr/lib/gcc/x86_64-linux-gnu/7/../../../../lib -L/lib/x86_64-linux-gnu -L/lib/../lib -L/usr/lib/x86_64-linux-gnu -L/usr/lib/../lib -L/usr/lib/gcc/x86_64-linux-gnu/7/../../.. CMakeFiles/cmTC_dfeef.dir/CMakeCXXCompilerABI.cpp.o -lstdc++ -lm -lgcc_s -lgcc -lc -lgcc_s -lgcc /usr/lib/gcc/x86_64-linux-gnu/7/crtendS.o /usr/lib/gcc/x86_64-linux-gnu/7/../../../x86_64-linux-gnu/crtn.o
COLLECT_GCC_OPTIONS='-v' '-rdynamic' '-o' 'cmTC_dfeef' '-shared-libgcc' '-mtune=generic' '-march=x86-64'
make[1]: Leaving directory '/home/ubuntu/log/glog/google_glog/glog/build/CMakeFiles/CMakeTmp'


Parsed CXX implicit link information from above output:
  link line regex: [^( *|.*[/\])(ld|CMAKE_LINK_STARTFILE-NOTFOUND|([^/\]+-)?ld|collect2)[^/\]*( |$)]
  ignore line: [Change Dir: /home/ubuntu/log/glog/google_glog/glog/build/CMakeFiles/CMakeTmp]
  ignore line: []
  ignore line: [Run Build Command:"/usr/bin/make" "cmTC_dfeef/fast"]
  ignore line: [/usr/bin/make -f CMakeFiles/cmTC_dfeef.dir/build.make CMakeFiles/cmTC_dfeef.dir/build]
  ignore line: [make[1]: Entering directory '/home/ubuntu/log/glog/google_glog/glog/build/CMakeFiles/CMakeTmp']
  ignore line: [Building CXX object CMakeFiles/cmTC_dfeef.dir/CMakeCXXCompilerABI.cpp.o]
  ignore line: [/usr/bin/c++     -o CMakeFiles/cmTC_dfeef.dir/CMakeCXXCompilerABI.cpp.o -c /usr/share/cmake-3.10/Modules/CMakeCXXCompilerABI.cpp]
  ignore line: [Linking CXX executable cmTC_dfeef]
  ignore line: [/usr/bin/cmake -E cmake_link_script CMakeFiles/cmTC_dfeef.dir/link.txt --verbose=1]
  ignore line: [/usr/bin/c++      -v -rdynamic CMakeFiles/cmTC_dfeef.dir/CMakeCXXCompilerABI.cpp.o  -o cmTC_dfeef ]
  ignore line: [Using built-in specs.]
  ignore line: [COLLECT_GCC=/usr/bin/c++]
  ignore line: [COLLECT_LTO_WRAPPER=/usr/lib/gcc/x86_64-linux-gnu/7/lto-wrapper]
  ignore line: [OFFLOAD_TARGET_NAMES=nvptx-none]
  ignore line: [OFFLOAD_TARGET_DEFAULT=1]
  ignore line: [Target: x86_64-linux-gnu]
  ignore line: [Configured with: ../src/configure -v --with-pkgversion='Ubuntu 7.5.0-3ubuntu1~18.04' --with-bugurl=file:///usr/share/doc/gcc-7/README.Bugs --enable-languages=c,ada,c++,go,brig,d,fortran,objc,obj-c++ --prefix=/usr --with-gcc-major-version-only --program-suffix=-7 --program-prefix=x86_64-linux-gnu- --enable-shared --enable-linker-build-id --libexecdir=/usr/lib --without-included-gettext --enable-threads=posix --libdir=/usr/lib --enable-nls --enable-bootstrap --enable-clocale=gnu --enable-libstdcxx-debug --enable-libstdcxx-time=yes --with-default-libstdcxx-abi=new --enable-gnu-unique-object --disable-vtable-verify --enable-libmpx --enable-plugin --enable-default-pie --with-system-zlib --with-target-system-zlib --enable-objc-gc=auto --enable-multiarch --disable-werror --with-arch-32=i686 --with-abi=m64 --with-multilib-list=m32,m64,mx32 --enable-multilib --with-tune=generic --enable-offload-targets=nvptx-none --without-cuda-driver --enable-checking=release --build=x86_64-linux-gnu --host=x86_64-linux-gnu --target=x86_64-linux-gnu]
  ignore line: [Thread model: posix]
  ignore line: [gcc version 7.5.0 (Ubuntu 7.5.0-3ubuntu1~18.04) ]
  ignore line: [COMPILER_PATH=/usr/lib/gcc/x86_64-linux-gnu/7/:/usr/lib/gcc/x86_64-linux-gnu/7/:/usr/lib/gcc/x86_64-linux-gnu/:/usr/lib/gcc/x86_64-linux-gnu/7/:/usr/lib/gcc/x86_64-linux-gnu/]
  ignore line: [LIBRARY_PATH=/usr/lib/gcc/x86_64-linux-gnu/7/:/usr/lib/gcc/x86_64-linux-gnu/7/../../../x86_64-linux-gnu/:/usr/lib/gcc/x86_64-linux-gnu/7/../../../../lib/:/lib/x86_64-linux-gnu/:/lib/../lib/:/usr/lib/x86_64-linux-gnu/:/usr/lib/../lib/:/usr/lib/gcc/x86_64-linux-gnu/7/../../../:/lib/:/usr/lib/]
  ignore line: [COLLECT_GCC_OPTIONS='-v' '-rdynamic' '-o' 'cmTC_dfeef' '-shared-libgcc' '-mtune=generic' '-march=x86-64']
  link line: [ /usr/lib/gcc/x86_64-linux-gnu/7/collect2 -plugin /usr/lib/gcc/x86_64-linux-gnu/7/liblto_plugin.so -plugin-opt=/usr/lib/gcc/x86_64-linux-gnu/7/lto-wrapper -plugin-opt=-fresolution=/tmp/ccZ69inF.res -plugin-opt=-pass-through=-lgcc_s -plugin-opt=-pass-through=-lgcc -plugin-opt=-pass-through=-lc -plugin-opt=-pass-through=-lgcc_s -plugin-opt=-pass-through=-lgcc --build-id --eh-frame-hdr -m elf_x86_64 --hash-style=gnu --as-needed -export-dynamic -dynamic-linker /lib64/ld-linux-x86-64.so.2 -pie -z now -z relro -o cmTC_dfeef /usr/lib/gcc/x86_64-linux-gnu/7/../../../x86_64-linux-gnu/Scrt1.o /usr/lib/gcc/x86_64-linux-gnu/7/../../../x86_64-linux-gnu/crti.o /usr/lib/gcc/x86_64-linux-gnu/7/crtbeginS.o -L/usr/lib/gcc/x86_64-linux-gnu/7 -L/usr/lib/gcc/x86_64-linux-gnu/7/../../../x86_64-linux-gnu -L/usr/lib/gcc/x86_64-linux-gnu/7/../../../../lib -L/lib/x86_64-linux-gnu -L/lib/../lib -L/usr/lib/x86_64-linux-gnu -L/usr/lib/../lib -L/usr/lib/gcc/x86_64-linux-gnu/7/../../.. CMakeFiles/cmTC_dfeef.dir/CMakeCXXCompilerABI.cpp.o -lstdc++ -lm -lgcc_s -lgcc -lc -lgcc_s -lgcc /usr/lib/gcc/x86_64-linux-gnu/7/crtendS.o /usr/lib/gcc/x86_64-linux-gnu/7/../../../x86_64-linux-gnu/crtn.o]
    arg [/usr/lib/gcc/x86_64-linux-gnu/7/collect2] ==> ignore
    arg [-plugin] ==> ignore
    arg [/usr/lib/gcc/x86_64-linux-gnu/7/liblto_plugin.so] ==> ignore
    arg [-plugin-opt=/usr/lib/gcc/x86_64-linux-gnu/7/lto-wrapper] ==> ignore
    arg [-plugin-opt=-fresolution=/tmp/ccZ69inF.res] ==> ignore
    arg [-plugin-opt=-pass-through=-lgcc_s] ==> ignore
    arg [-plugin-opt=-pass-through=-lgcc] ==> ignore
    arg [-plugin-opt=-pass-through=-lc] ==> ignore
    arg [-plugin-opt=-pass-through=-lgcc_s] ==> ignore
    arg [-plugin-opt=-pass-through=-lgcc] ==> ignore
    arg [--build-id] ==> ignore
    arg [--eh-frame-hdr] ==> ignore
    arg [-m] ==> ignore
    arg [elf_x86_64] ==> ignore
    arg [--hash-style=gnu] ==> ignore
    arg [--as-needed] ==> ignore
    arg [-export-dynamic] ==> ignore
    arg [-dynamic-linker] ==> ignore
    arg [/lib64/ld-linux-x86-64.so.2] ==> ignore
    arg [-pie] ==> ignore
    arg [-znow] ==> ignore
    arg [-zrelro] ==> ignore
    arg [-o] ==> ignore
    arg [cmTC_dfeef] ==> ignore
    arg [/usr/lib/gcc/x86_64-linux-gnu/7/../../../x86_64-linux-gnu/Scrt1.o] ==> ignore
    arg [/usr/lib/gcc/x86_64-linux-gnu/7/../../../x86_64-linux-gnu/crti.o] ==> ignore
    arg [/usr/lib/gcc/x86_64-linux-gnu/7/crtbeginS.o] ==> ignore
    arg [-L/usr/lib/gcc/x86_64-linux-gnu/7] ==> dir [/usr/lib/gcc/x86_64-linux-gnu/7]
    arg [-L/usr/lib/gcc/x86_64-linux-gnu/7/../../../x86_64-linux-gnu] ==> dir [/usr/lib/gcc/x86_64-linux-gnu/7/../../../x86_64-linux-gnu]
    arg [-L/usr/lib/gcc/x86_64-linux-gnu/7/../../../../lib] ==> dir [/usr/lib/gcc/x86_64-linux-gnu/7/../../../../lib]
    arg [-L/lib/x86_64-linux-gnu] ==> dir [/lib/x86_64-linux-gnu]
    arg [-L/lib/../lib] ==> dir [/lib/../lib]
    arg [-L/usr/lib/x86_64-linux-gnu] ==> dir [/usr/lib/x86_64-linux-gnu]
    arg [-L/usr/lib/../lib] ==> dir [/usr/lib/../lib]
    arg [-L/usr/lib/gcc/x86_64-linux-gnu/7/../../..] ==> dir [/usr/lib/gcc/x86_64-linux-gnu/7/../../..]
    arg [CMakeFiles/cmTC_dfeef.dir/CMakeCXXCompilerABI.cpp.o] ==> ignore
    arg [-lstdc++] ==> lib [stdc++]
    arg [-lm] ==> lib [m]
    arg [-lgcc_s] ==> lib [gcc_s]
    arg [-lgcc] ==> lib [gcc]
    arg [-lc] ==> lib [c]
    arg [-lgcc_s] ==> lib [gcc_s]
    arg [-lgcc] ==> lib [gcc]
    arg [/usr/lib/gcc/x86_64-linux-gnu/7/crtendS.o] ==> ignore
    arg [/usr/lib/gcc/x86_64-linux-gnu/7/../../../x86_64-linux-gnu/crtn.o] ==> ignore
  collapse library dir [/usr/lib/gcc/x86_64-linux-gnu/7] ==> [/usr/lib/gcc/x86_64-linux-gnu/7]
  collapse library dir [/usr/lib/gcc/x86_64-linux-gnu/7/../../../x86_64-linux-gnu] ==> [/usr/lib/x86_64-linux-gnu]
  collapse library dir [/usr/lib/gcc/x86_64-linux-gnu/7/../../../../lib] ==> [/usr/lib]
  collapse library dir [/lib/x86_64-linux-gnu] ==> [/lib/x86_64-linux-gnu]
  collapse library dir [/lib/../lib] ==> [/lib]
  collapse library dir [/usr/lib/x86_64-linux-gnu] ==> [/usr/lib/x86_64-linux-gnu]
  collapse library dir [/usr/lib/../lib] ==> [/usr/lib]
  collapse library dir [/usr/lib/gcc/x86_64-linux-gnu/7/../../..] ==> [/usr/lib]
  implicit libs: [stdc++;m;gcc_s;gcc;c;gcc_s;gcc]
  implicit dirs: [/usr/lib/gcc/x86_64-linux-gnu/7;/usr/lib/x86_64-linux-gnu;/usr/lib;/lib/x86_64-linux-gnu;/lib]
  implicit fwks: []




Detecting CXX [-std=c++1z] compiler features compiled with the following output:
Change Dir: /home/ubuntu/log/glog/google_glog/glog/build/CMakeFiles/CMakeTmp

Run Build Command:"/usr/bin/make" "cmTC_f2f3a/fast"
/usr/bin/make -f CMakeFiles/cmTC_f2f3a.dir/build.make CMakeFiles/cmTC_f2f3a.dir/build
make[1]: Entering directory '/home/ubuntu/log/glog/google_glog/glog/build/CMakeFiles/CMakeTmp'
Building CXX object CMakeFiles/cmTC_f2f3a.dir/feature_tests.cxx.o
/usr/bin/c++    -std=c++1z -o CMakeFiles/cmTC_f2f3a.dir/feature_tests.cxx.o -c /home/ubuntu/log/glog/google_glog/glog/build/CMakeFiles/feature_tests.cxx
Linking CXX executable cmTC_f2f3a
/usr/bin/cmake -E cmake_link_script CMakeFiles/cmTC_f2f3a.dir/link.txt --verbose=1
/usr/bin/c++       -rdynamic CMakeFiles/cmTC_f2f3a.dir/feature_tests.cxx.o  -o cmTC_f2f3a 
make[1]: Leaving directory '/home/ubuntu/log/glog/google_glog/glog/build/CMakeFiles/CMakeTmp'


    Feature record: CXX_FEATURE:1cxx_aggregate_default_initializers
    Feature record: CXX_FEATURE:1cxx_alias_templates
    Feature record: CXX_FEATURE:1cxx_alignas
    Feature record: CXX_FEATURE:1cxx_alignof
    Feature record: CXX_FEATURE:1cxx_attributes
    Feature record: CXX_FEATURE:1cxx_attribute_deprecated
    Feature record: CXX_FEATURE:1cxx_auto_type
    Feature record: CXX_FEATURE:1cxx_binary_literals
    Feature record: CXX_FEATURE:1cxx_constexpr
    Feature record: CXX_FEATURE:1cxx_contextual_conversions
    Feature record: CXX_FEATURE:1cxx_decltype
    Feature record: CXX_FEATURE:1cxx_decltype_auto
    Feature record: CXX_FEATURE:1cxx_decltype_incomplete_return_types
    Feature record: CXX_FEATURE:1cxx_default_function_template_args
    Feature record: CXX_FEATURE:1cxx_defaulted_functions
    Feature record: CXX_FEATURE:1cxx_defaulted_move_initializers
    Feature record: CXX_FEATURE:1cxx_delegating_constructors
    Feature record: CXX_FEATURE:1cxx_deleted_functions
    Feature record: CXX_FEATURE:1cxx_digit_separators
    Feature record: CXX_FEATURE:1cxx_enum_forward_declarations
    Feature record: CXX_FEATURE:1cxx_explicit_conversions
    Feature record: CXX_FEATURE:1cxx_extended_friend_declarations
    Feature record: CXX_FEATURE:1cxx_extern_templates
    Feature record: CXX_FEATURE:1cxx_final
    Feature record: CXX_FEATURE:1cxx_func_identifier
    Feature record: CXX_FEATURE:1cxx_generalized_initializers
    Feature record: CXX_FEATURE:1cxx_generic_lambdas
    Feature record: CXX_FEATURE:1cxx_inheriting_constructors
    Feature record: CXX_FEATURE:1cxx_inline_namespaces
    Feature record: CXX_FEATURE:1cxx_lambdas
    Feature record: CXX_FEATURE:1cxx_lambda_init_captures
    Feature record: CXX_FEATURE:1cxx_local_type_template_args
    Feature record: CXX_FEATURE:1cxx_long_long_type
    Feature record: CXX_FEATURE:1cxx_noexcept
    Feature record: CXX_FEATURE:1cxx_nonstatic_member_init
    Feature record: CXX_FEATURE:1cxx_nullptr
    Feature record: CXX_FEATURE:1cxx_override
    Feature record: CXX_FEATURE:1cxx_range_for
    Feature record: CXX_FEATURE:1cxx_raw_string_literals
    Feature record: CXX_FEATURE:1cxx_reference_qualified_functions
    Feature record: CXX_FEATURE:1cxx_relaxed_constexpr
    Feature record: CXX_FEATURE:1cxx_return_type_deduction
    Feature record: CXX_FEATURE:1cxx_right_angle_brackets
    Feature record: CXX_FEATURE:1cxx_rvalue_references
    Feature record: CXX_FEATURE:1cxx_sizeof_member
    Feature record: CXX_FEATURE:1cxx_static_assert
    Feature record: CXX_FEATURE:1cxx_strong_enums
    Feature record: CXX_FEATURE:1cxx_template_template_parameters
    Feature record: CXX_FEATURE:1cxx_thread_local
    Feature record: CXX_FEATURE:1cxx_trailing_return_types
    Feature record: CXX_FEATURE:1cxx_unicode_literals
    Feature record: CXX_FEATURE:1cxx_uniform_initialization
    Feature record: CXX_FEATURE:1cxx_unrestricted_unions
    Feature record: CXX_FEATURE:1cxx_user_literals
    Feature record: CXX_FEATURE:1cxx_variable_templates
    Feature record: CXX_FEATURE:1cxx_variadic_macros
    Feature record: CXX_FEATURE:1cxx_variadic_templates


Detecting CXX [-std=c++14] compiler features compiled with the following output:
Change Dir: /home/ubuntu/log/glog/google_glog/glog/build/CMakeFiles/CMakeTmp

Run Build Command:"/usr/bin/make" "cmTC_7a188/fast"
/usr/bin/make -f CMakeFiles/cmTC_7a188.dir/build.make CMakeFiles/cmTC_7a188.dir/build
make[1]: Entering directory '/home/ubuntu/log/glog/google_glog/glog/build/CMakeFiles/CMakeTmp'
Building CXX object CMakeFiles/cmTC_7a188.dir/feature_tests.cxx.o
/usr/bin/c++    -std=c++14 -o CMakeFiles/cmTC_7a188.dir/feature_tests.cxx.o -c /home/ubuntu/log/glog/google_glog/glog/build/CMakeFiles/feature_tests.cxx
Linking CXX executable cmTC_7a188
/usr/bin/cmake -E cmake_link_script CMakeFiles/cmTC_7a188.dir/link.txt --verbose=1
/usr/bin/c++       -rdynamic CMakeFiles/cmTC_7a188.dir/feature_tests.cxx.o  -o cmTC_7a188 
make[1]: Leaving directory '/home/ubuntu/log/glog/google_glog/glog/build/CMakeFiles/CMakeTmp'


    Feature record: CXX_FEATURE:1cxx_aggregate_default_initializers
    Feature record: CXX_FEATURE:1cxx_alias_templates
    Feature record: CXX_FEATURE:1cxx_alignas
    Feature record: CXX_FEATURE:1cxx_alignof
    Feature record: CXX_FEATURE:1cxx_attributes
    Feature record: CXX_FEATURE:1cxx_attribute_deprecated
    Feature record: CXX_FEATURE:1cxx_auto_type
    Feature record: CXX_FEATURE:1cxx_binary_literals
    Feature record: CXX_FEATURE:1cxx_constexpr
    Feature record: CXX_FEATURE:1cxx_contextual_conversions
    Feature record: CXX_FEATURE:1cxx_decltype
    Feature record: CXX_FEATURE:1cxx_decltype_auto
    Feature record: CXX_FEATURE:1cxx_decltype_incomplete_return_types
    Feature record: CXX_FEATURE:1cxx_default_function_template_args
    Feature record: CXX_FEATURE:1cxx_defaulted_functions
    Feature record: CXX_FEATURE:1cxx_defaulted_move_initializers
    Feature record: CXX_FEATURE:1cxx_delegating_constructors
    Feature record: CXX_FEATURE:1cxx_deleted_functions
    Feature record: CXX_FEATURE:1cxx_digit_separators
    Feature record: CXX_FEATURE:1cxx_enum_forward_declarations
    Feature record: CXX_FEATURE:1cxx_explicit_conversions
    Feature record: CXX_FEATURE:1cxx_extended_friend_declarations
    Feature record: CXX_FEATURE:1cxx_extern_templates
    Feature record: CXX_FEATURE:1cxx_final
    Feature record: CXX_FEATURE:1cxx_func_identifier
    Feature record: CXX_FEATURE:1cxx_generalized_initializers
    Feature record: CXX_FEATURE:1cxx_generic_lambdas
    Feature record: CXX_FEATURE:1cxx_inheriting_constructors
    Feature record: CXX_FEATURE:1cxx_inline_namespaces
    Feature record: CXX_FEATURE:1cxx_lambdas
    Feature record: CXX_FEATURE:1cxx_lambda_init_captures
    Feature record: CXX_FEATURE:1cxx_local_type_template_args
    Feature record: CXX_FEATURE:1cxx_long_long_type
    Feature record: CXX_FEATURE:1cxx_noexcept
    Feature record: CXX_FEATURE:1cxx_nonstatic_member_init
    Feature record: CXX_FEATURE:1cxx_nullptr
    Feature record: CXX_FEATURE:1cxx_override
    Feature record: CXX_FEATURE:1cxx_range_for
    Feature record: CXX_FEATURE:1cxx_raw_string_literals
    Feature record: CXX_FEATURE:1cxx_reference_qualified_functions
    Feature record: CXX_FEATURE:1cxx_relaxed_constexpr
    Feature record: CXX_FEATURE:1cxx_return_type_deduction
    Feature record: CXX_FEATURE:1cxx_right_angle_brackets
    Feature record: CXX_FEATURE:1cxx_rvalue_references
    Feature record: CXX_FEATURE:1cxx_sizeof_member
    Feature record: CXX_FEATURE:1cxx_static_assert
    Feature record: CXX_FEATURE:1cxx_strong_enums
    Feature record: CXX_FEATURE:1cxx_template_template_parameters
    Feature record: CXX_FEATURE:1cxx_thread_local
    Feature record: CXX_FEATURE:1cxx_trailing_return_types
    Feature record: CXX_FEATURE:1cxx_unicode_literals
    Feature record: CXX_FEATURE:1cxx_uniform_initialization
    Feature record: CXX_FEATURE:1cxx_unrestricted_unions
    Feature record: CXX_FEATURE:1cxx_user_literals
    Feature record: CXX_FEATURE:1cxx_variable_templates
    Feature record: CXX_FEATURE:1cxx_variadic_macros
    Feature record: CXX_FEATURE:1cxx_variadic_templates


Detecting CXX [-std=c++11] compiler features compiled with the following output:
Change Dir: /home/ubuntu/log/glog/google_glog/glog/build/CMakeFiles/CMakeTmp

Run Build Command:"/usr/bin/make" "cmTC_8108e/fast"
/usr/bin/make -f CMakeFiles/cmTC_8108e.dir/build.make CMakeFiles/cmTC_8108e.dir/build
make[1]: Entering directory '/home/ubuntu/log/glog/google_glog/glog/build/CMakeFiles/CMakeTmp'
Building CXX object CMakeFiles/cmTC_8108e.dir/feature_tests.cxx.o
/usr/bin/c++    -std=c++11 -o CMakeFiles/cmTC_8108e.dir/feature_tests.cxx.o -c /home/ubuntu/log/glog/google_glog/glog/build/CMakeFiles/feature_tests.cxx
Linking CXX executable cmTC_8108e
/usr/bin/cmake -E cmake_link_script CMakeFiles/cmTC_8108e.dir/link.txt --verbose=1
/usr/bin/c++       -rdynamic CMakeFiles/cmTC_8108e.dir/feature_tests.cxx.o  -o cmTC_8108e 
make[1]: Leaving directory '/home/ubuntu/log/glog/google_glog/glog/build/CMakeFiles/CMakeTmp'


    Feature record: CXX_FEATURE:0cxx_aggregate_default_initializers
    Feature record: CXX_FEATURE:1cxx_alias_templates
    Feature record: CXX_FEATURE:1cxx_alignas
    Feature record: CXX_FEATURE:1cxx_alignof
    Feature record: CXX_FEATURE:1cxx_attributes
    Feature record: CXX_FEATURE:0cxx_attribute_deprecated
    Feature record: CXX_FEATURE:1cxx_auto_type
    Feature record: CXX_FEATURE:0cxx_binary_literals
    Feature record: CXX_FEATURE:1cxx_constexpr
    Feature record: CXX_FEATURE:0cxx_contextual_conversions
    Feature record: CXX_FEATURE:1cxx_decltype
    Feature record: CXX_FEATURE:0cxx_decltype_auto
    Feature record: CXX_FEATURE:1cxx_decltype_incomplete_return_types
    Feature record: CXX_FEATURE:1cxx_default_function_template_args
    Feature record: CXX_FEATURE:1cxx_defaulted_functions
    Feature record: CXX_FEATURE:1cxx_defaulted_move_initializers
    Feature record: CXX_FEATURE:1cxx_delegating_constructors
    Feature record: CXX_FEATURE:1cxx_deleted_functions
    Feature record: CXX_FEATURE:0cxx_digit_separators
    Feature record: CXX_FEATURE:1cxx_enum_forward_declarations
    Feature record: CXX_FEATURE:1cxx_explicit_conversions
    Feature record: CXX_FEATURE:1cxx_extended_friend_declarations
    Feature record: CXX_FEATURE:1cxx_extern_templates
    Feature record: CXX_FEATURE:1cxx_final
    Feature record: CXX_FEATURE:1cxx_func_identifier
    Feature record: CXX_FEATURE:1cxx_generalized_initializers
    Feature record: CXX_FEATURE:0cxx_generic_lambdas
    Feature record: CXX_FEATURE:1cxx_inheriting_constructors
    Feature record: CXX_FEATURE:1cxx_inline_namespaces
    Feature record: CXX_FEATURE:1cxx_lambdas
    Feature record: CXX_FEATURE:0cxx_lambda_init_captures
    Feature record: CXX_FEATURE:1cxx_local_type_template_args
    Feature record: CXX_FEATURE:1cxx_long_long_type
    Feature record: CXX_FEATURE:1cxx_noexcept
    Feature record: CXX_FEATURE:1cxx_nonstatic_member_init
    Feature record: CXX_FEATURE:1cxx_nullptr
    Feature record: CXX_FEATURE:1cxx_override
    Feature record: CXX_FEATURE:1cxx_range_for
    Feature record: CXX_FEATURE:1cxx_raw_string_literals
    Feature record: CXX_FEATURE:1cxx_reference_qualified_functions
    Feature record: CXX_FEATURE:0cxx_relaxed_constexpr
    Feature record: CXX_FEATURE:0cxx_return_type_deduction
    Feature record: CXX_FEATURE:1cxx_right_angle_brackets
    Feature record: CXX_FEATURE:1cxx_rvalue_references
    Feature record: CXX_FEATURE:1cxx_sizeof_member
    Feature record: CXX_FEATURE:1cxx_static_assert
    Feature record: CXX_FEATURE:1cxx_strong_enums
    Feature record: CXX_FEATURE:1cxx_template_template_parameters
    Feature record: CXX_FEATURE:1cxx_thread_local
    Feature record: CXX_FEATURE:1cxx_trailing_return_types
    Feature record: CXX_FEATURE:1cxx_unicode_literals
    Feature record: CXX_FEATURE:1cxx_uniform_initialization
    Feature record: CXX_FEATURE:1cxx_unrestricted_unions
    Feature record: CXX_FEATURE:1cxx_user_literals
    Feature record: CXX_FEATURE:0cxx_variable_templates
    Feature record: CXX_FEATURE:1cxx_variadic_macros
    Feature record: CXX_FEATURE:1cxx_variadic_templates


Detecting CXX [-std=c++98] compiler features compiled with the following output:
Change Dir: /home/ubuntu/log/glog/google_glog/glog/build/CMakeFiles/CMakeTmp

Run Build Command:"/usr/bin/make" "cmTC_75de3/fast"
/usr/bin/make -f CMakeFiles/cmTC_75de3.dir/build.make CMakeFiles/cmTC_75de3.dir/build
make[1]: Entering directory '/home/ubuntu/log/glog/google_glog/glog/build/CMakeFiles/CMakeTmp'
Building CXX object CMakeFiles/cmTC_75de3.dir/feature_tests.cxx.o
/usr/bin/c++    -std=c++98 -o CMakeFiles/cmTC_75de3.dir/feature_tests.cxx.o -c /home/ubuntu/log/glog/google_glog/glog/build/CMakeFiles/feature_tests.cxx
Linking CXX executable cmTC_75de3
/usr/bin/cmake -E cmake_link_script CMakeFiles/cmTC_75de3.dir/link.txt --verbose=1
/usr/bin/c++       -rdynamic CMakeFiles/cmTC_75de3.dir/feature_tests.cxx.o  -o cmTC_75de3 
make[1]: Leaving directory '/home/ubuntu/log/glog/google_glog/glog/build/CMakeFiles/CMakeTmp'


    Feature record: CXX_FEATURE:0cxx_aggregate_default_initializers
    Feature record: CXX_FEATURE:0cxx_alias_templates
    Feature record: CXX_FEATURE:0cxx_alignas
    Feature record: CXX_FEATURE:0cxx_alignof
    Feature record: CXX_FEATURE:0cxx_attributes
    Feature record: CXX_FEATURE:0cxx_attribute_deprecated
    Feature record: CXX_FEATURE:0cxx_auto_type
    Feature record: CXX_FEATURE:0cxx_binary_literals
    Feature record: CXX_FEATURE:0cxx_constexpr
    Feature record: CXX_FEATURE:0cxx_contextual_conversions
    Feature record: CXX_FEATURE:0cxx_decltype
    Feature record: CXX_FEATURE:0cxx_decltype_auto
    Feature record: CXX_FEATURE:0cxx_decltype_incomplete_return_types
    Feature record: CXX_FEATURE:0cxx_default_function_template_args
    Feature record: CXX_FEATURE:0cxx_defaulted_functions
    Feature record: CXX_FEATURE:0cxx_defaulted_move_initializers
    Feature record: CXX_FEATURE:0cxx_delegating_constructors
    Feature record: CXX_FEATURE:0cxx_deleted_functions
    Feature record: CXX_FEATURE:0cxx_digit_separators
    Feature record: CXX_FEATURE:0cxx_enum_forward_declarations
    Feature record: CXX_FEATURE:0cxx_explicit_conversions
    Feature record: CXX_FEATURE:0cxx_extended_friend_declarations
    Feature record: CXX_FEATURE:0cxx_extern_templates
    Feature record: CXX_FEATURE:0cxx_final
    Feature record: CXX_FEATURE:0cxx_func_identifier
    Feature record: CXX_FEATURE:0cxx_generalized_initializers
    Feature record: CXX_FEATURE:0cxx_generic_lambdas
    Feature record: CXX_FEATURE:0cxx_inheriting_constructors
    Feature record: CXX_FEATURE:0cxx_inline_namespaces
    Feature record: CXX_FEATURE:0cxx_lambdas
    Feature record: CXX_FEATURE:0cxx_lambda_init_captures
    Feature record: CXX_FEATURE:0cxx_local_type_template_args
    Feature record: CXX_FEATURE:0cxx_long_long_type
    Feature record: CXX_FEATURE:0cxx_noexcept
    Feature record: CXX_FEATURE:0cxx_nonstatic_member_init
    Feature record: CXX_FEATURE:0cxx_nullptr
    Feature record: CXX_FEATURE:0cxx_override
    Feature record: CXX_FEATURE:0cxx_range_for
    Feature record: CXX_FEATURE:0cxx_raw_string_literals
    Feature record: CXX_FEATURE:0cxx_reference_qualified_functions
    Feature record: CXX_FEATURE:0cxx_relaxed_constexpr
    Feature record: CXX_FEATURE:0cxx_return_type_deduction
    Feature record: CXX_FEATURE:0cxx_right_angle_brackets
    Feature record: CXX_FEATURE:0cxx_rvalue_references
    Feature record: CXX_FEATURE:0cxx_sizeof_member
    Feature record: CXX_FEATURE:0cxx_static_assert
    Feature record: CXX_FEATURE:0cxx_strong_enums
    Feature record: CXX_FEATURE:1cxx_template_template_parameters
    Feature record: CXX_FEATURE:0cxx_thread_local
    Feature record: CXX_FEATURE:0cxx_trailing_return_types
    Feature record: CXX_FEATURE:0cxx_unicode_literals
    Feature record: CXX_FEATURE:0cxx_uniform_initialization
    Feature record: CXX_FEATURE:0cxx_unrestricted_unions
    Feature record: CXX_FEATURE:0cxx_user_literals
    Feature record: CXX_FEATURE:0cxx_variable_templates
    Feature record: CXX_FEATURE:0cxx_variadic_macros
    Feature record: CXX_FEATURE:0cxx_variadic_templates
Determining the gflags namespace passed with the following output:
Change Dir: /home/ubuntu/log/glog/google_glog/glog/build/CMakeFiles/CMakeTmp

Run Build Command:"/usr/bin/make" "cmTC_839df/fast"
/usr/bin/make -f CMakeFiles/cmTC_839df.dir/build.make CMakeFiles/cmTC_839df.dir/build
make[1]: Entering directory '/home/ubuntu/log/glog/google_glog/glog/build/CMakeFiles/CMakeTmp'
Building CXX object CMakeFiles/cmTC_839df.dir/DetermineGflagsNamespace.cxx.o
/usr/bin/c++  -DGFLAGS_IS_A_DLL=0 -DGLOG_GFLAGS_NAMESPACE=gflags   -o CMakeFiles/cmTC_839df.dir/DetermineGflagsNamespace.cxx.o -c /home/ubuntu/log/glog/google_glog/glog/build/CMakeFiles/CMakeTmp/DetermineGflagsNamespace.cxx
Linking CXX executable cmTC_839df
/usr/bin/cmake -E cmake_link_script CMakeFiles/cmTC_839df.dir/link.txt --verbose=1
/usr/bin/c++       -rdynamic CMakeFiles/cmTC_839df.dir/DetermineGflagsNamespace.cxx.o  -o cmTC_839df /usr/lib/x86_64-linux-gnu/libgflags.so.2.2.1 -lpthread 
make[1]: Leaving directory '/home/ubuntu/log/glog/google_glog/glog/build/CMakeFiles/CMakeTmp'


Determining if the include file pthread.h exists passed with the following output:
Change Dir: /home/ubuntu/log/glog/google_glog/glog/build/CMakeFiles/CMakeTmp

Run Build Command:"/usr/bin/make" "cmTC_df0fc/fast"
/usr/bin/make -f CMakeFiles/cmTC_df0fc.dir/build.make CMakeFiles/cmTC_df0fc.dir/build
make[1]: Entering directory '/home/ubuntu/log/glog/google_glog/glog/build/CMakeFiles/CMakeTmp'
Building C object CMakeFiles/cmTC_df0fc.dir/CheckIncludeFile.c.o
/usr/bin/cc    -o CMakeFiles/cmTC_df0fc.dir/CheckIncludeFile.c.o   -c /home/ubuntu/log/glog/google_glog/glog/build/CMakeFiles/CMakeTmp/CheckIncludeFile.c
Linking C executable cmTC_df0fc
/usr/bin/cmake -E cmake_link_script CMakeFiles/cmTC_df0fc.dir/link.txt --verbose=1
/usr/bin/cc      -rdynamic CMakeFiles/cmTC_df0fc.dir/CheckIncludeFile.c.o  -o cmTC_df0fc 
make[1]: Leaving directory '/home/ubuntu/log/glog/google_glog/glog/build/CMakeFiles/CMakeTmp'


Determining if the function pthread_create exists in the pthread passed with the following output:
Change Dir: /home/ubuntu/log/glog/google_glog/glog/build/CMakeFiles/CMakeTmp

Run Build Command:"/usr/bin/make" "cmTC_5376f/fast"
/usr/bin/make -f CMakeFiles/cmTC_5376f.dir/build.make CMakeFiles/cmTC_5376f.dir/build
make[1]: Entering directory '/home/ubuntu/log/glog/google_glog/glog/build/CMakeFiles/CMakeTmp'
Building C object CMakeFiles/cmTC_5376f.dir/CheckFunctionExists.c.o
/usr/bin/cc   -DCHECK_FUNCTION_EXISTS=pthread_create   -o CMakeFiles/cmTC_5376f.dir/CheckFunctionExists.c.o   -c /usr/share/cmake-3.10/Modules/CheckFunctionExists.c
Linking C executable cmTC_5376f
/usr/bin/cmake -E cmake_link_script CMakeFiles/cmTC_5376f.dir/link.txt --verbose=1
/usr/bin/cc  -DCHECK_FUNCTION_EXISTS=pthread_create    -rdynamic CMakeFiles/cmTC_5376f.dir/CheckFunctionExists.c.o  -o cmTC_5376f -lpthread 
make[1]: Leaving directory '/home/ubuntu/log/glog/google_glog/glog/build/CMakeFiles/CMakeTmp'


Determining if the include file dlfcn.h exists passed with the following output:
Change Dir: /home/ubuntu/log/glog/google_glog/glog/build/CMakeFiles/CMakeTmp

Run Build Command:"/usr/bin/make" "cmTC_889bf/fast"
/usr/bin/make -f CMakeFiles/cmTC_889bf.dir/build.make CMakeFiles/cmTC_889bf.dir/build
make[1]: Entering directory '/home/ubuntu/log/glog/google_glog/glog/build/CMakeFiles/CMakeTmp'
Building C object CMakeFiles/cmTC_889bf.dir/CheckIncludeFile.c.o
/usr/bin/cc    -o CMakeFiles/cmTC_889bf.dir/CheckIncludeFile.c.o   -c /home/ubuntu/log/glog/google_glog/glog/build/CMakeFiles/CMakeTmp/CheckIncludeFile.c
Linking C executable cmTC_889bf
/usr/bin/cmake -E cmake_link_script CMakeFiles/cmTC_889bf.dir/link.txt --verbose=1
/usr/bin/cc      -rdynamic CMakeFiles/cmTC_889bf.dir/CheckIncludeFile.c.o  -o cmTC_889bf 
make[1]: Leaving directory '/home/ubuntu/log/glog/google_glog/glog/build/CMakeFiles/CMakeTmp'


Determining if the include file execinfo.h exists passed with the following output:
Change Dir: /home/ubuntu/log/glog/google_glog/glog/build/CMakeFiles/CMakeTmp

Run Build Command:"/usr/bin/make" "cmTC_e3ae1/fast"
/usr/bin/make -f CMakeFiles/cmTC_e3ae1.dir/build.make CMakeFiles/cmTC_e3ae1.dir/build
make[1]: Entering directory '/home/ubuntu/log/glog/google_glog/glog/build/CMakeFiles/CMakeTmp'
Building C object CMakeFiles/cmTC_e3ae1.dir/CheckIncludeFile.c.o
/usr/bin/cc    -o CMakeFiles/cmTC_e3ae1.dir/CheckIncludeFile.c.o   -c /home/ubuntu/log/glog/google_glog/glog/build/CMakeFiles/CMakeTmp/CheckIncludeFile.c
Linking C executable cmTC_e3ae1
/usr/bin/cmake -E cmake_link_script CMakeFiles/cmTC_e3ae1.dir/link.txt --verbose=1
/usr/bin/cc      -rdynamic CMakeFiles/cmTC_e3ae1.dir/CheckIncludeFile.c.o  -o cmTC_e3ae1 
make[1]: Leaving directory '/home/ubuntu/log/glog/google_glog/glog/build/CMakeFiles/CMakeTmp'


Determining if the include file glob.h exists passed with the following output:
Change Dir: /home/ubuntu/log/glog/google_glog/glog/build/CMakeFiles/CMakeTmp

Run Build Command:"/usr/bin/make" "cmTC_bc205/fast"
/usr/bin/make -f CMakeFiles/cmTC_bc205.dir/build.make CMakeFiles/cmTC_bc205.dir/build
make[1]: Entering directory '/home/ubuntu/log/glog/google_glog/glog/build/CMakeFiles/CMakeTmp'
Building C object CMakeFiles/cmTC_bc205.dir/CheckIncludeFile.c.o
/usr/bin/cc    -o CMakeFiles/cmTC_bc205.dir/CheckIncludeFile.c.o   -c /home/ubuntu/log/glog/google_glog/glog/build/CMakeFiles/CMakeTmp/CheckIncludeFile.c
Linking C executable cmTC_bc205
/usr/bin/cmake -E cmake_link_script CMakeFiles/cmTC_bc205.dir/link.txt --verbose=1
/usr/bin/cc      -rdynamic CMakeFiles/cmTC_bc205.dir/CheckIncludeFile.c.o  -o cmTC_bc205 
make[1]: Leaving directory '/home/ubuntu/log/glog/google_glog/glog/build/CMakeFiles/CMakeTmp'


Determining if the include file inttypes.h exists passed with the following output:
Change Dir: /home/ubuntu/log/glog/google_glog/glog/build/CMakeFiles/CMakeTmp

Run Build Command:"/usr/bin/make" "cmTC_a592c/fast"
/usr/bin/make -f CMakeFiles/cmTC_a592c.dir/build.make CMakeFiles/cmTC_a592c.dir/build
make[1]: Entering directory '/home/ubuntu/log/glog/google_glog/glog/build/CMakeFiles/CMakeTmp'
Building C object CMakeFiles/cmTC_a592c.dir/CheckIncludeFile.c.o
/usr/bin/cc    -o CMakeFiles/cmTC_a592c.dir/CheckIncludeFile.c.o   -c /home/ubuntu/log/glog/google_glog/glog/build/CMakeFiles/CMakeTmp/CheckIncludeFile.c
Linking C executable cmTC_a592c
/usr/bin/cmake -E cmake_link_script CMakeFiles/cmTC_a592c.dir/link.txt --verbose=1
/usr/bin/cc      -rdynamic CMakeFiles/cmTC_a592c.dir/CheckIncludeFile.c.o  -o cmTC_a592c 
make[1]: Leaving directory '/home/ubuntu/log/glog/google_glog/glog/build/CMakeFiles/CMakeTmp'


Determining if the include file memory.h exists passed with the following output:
Change Dir: /home/ubuntu/log/glog/google_glog/glog/build/CMakeFiles/CMakeTmp

Run Build Command:"/usr/bin/make" "cmTC_04dd1/fast"
/usr/bin/make -f CMakeFiles/cmTC_04dd1.dir/build.make CMakeFiles/cmTC_04dd1.dir/build
make[1]: Entering directory '/home/ubuntu/log/glog/google_glog/glog/build/CMakeFiles/CMakeTmp'
Building C object CMakeFiles/cmTC_04dd1.dir/CheckIncludeFile.c.o
/usr/bin/cc    -o CMakeFiles/cmTC_04dd1.dir/CheckIncludeFile.c.o   -c /home/ubuntu/log/glog/google_glog/glog/build/CMakeFiles/CMakeTmp/CheckIncludeFile.c
Linking C executable cmTC_04dd1
/usr/bin/cmake -E cmake_link_script CMakeFiles/cmTC_04dd1.dir/link.txt --verbose=1
/usr/bin/cc      -rdynamic CMakeFiles/cmTC_04dd1.dir/CheckIncludeFile.c.o  -o cmTC_04dd1 
make[1]: Leaving directory '/home/ubuntu/log/glog/google_glog/glog/build/CMakeFiles/CMakeTmp'


Determining if the include file pwd.h exists passed with the following output:
Change Dir: /home/ubuntu/log/glog/google_glog/glog/build/CMakeFiles/CMakeTmp

Run Build Command:"/usr/bin/make" "cmTC_133c5/fast"
/usr/bin/make -f CMakeFiles/cmTC_133c5.dir/build.make CMakeFiles/cmTC_133c5.dir/build
make[1]: Entering directory '/home/ubuntu/log/glog/google_glog/glog/build/CMakeFiles/CMakeTmp'
Building C object CMakeFiles/cmTC_133c5.dir/CheckIncludeFile.c.o
/usr/bin/cc    -o CMakeFiles/cmTC_133c5.dir/CheckIncludeFile.c.o   -c /home/ubuntu/log/glog/google_glog/glog/build/CMakeFiles/CMakeTmp/CheckIncludeFile.c
Linking C executable cmTC_133c5
/usr/bin/cmake -E cmake_link_script CMakeFiles/cmTC_133c5.dir/link.txt --verbose=1
/usr/bin/cc      -rdynamic CMakeFiles/cmTC_133c5.dir/CheckIncludeFile.c.o  -o cmTC_133c5 
make[1]: Leaving directory '/home/ubuntu/log/glog/google_glog/glog/build/CMakeFiles/CMakeTmp'


Determining if the include file stdint.h exists passed with the following output:
Change Dir: /home/ubuntu/log/glog/google_glog/glog/build/CMakeFiles/CMakeTmp

Run Build Command:"/usr/bin/make" "cmTC_063d2/fast"
/usr/bin/make -f CMakeFiles/cmTC_063d2.dir/build.make CMakeFiles/cmTC_063d2.dir/build
make[1]: Entering directory '/home/ubuntu/log/glog/google_glog/glog/build/CMakeFiles/CMakeTmp'
Building C object CMakeFiles/cmTC_063d2.dir/CheckIncludeFile.c.o
/usr/bin/cc    -o CMakeFiles/cmTC_063d2.dir/CheckIncludeFile.c.o   -c /home/ubuntu/log/glog/google_glog/glog/build/CMakeFiles/CMakeTmp/CheckIncludeFile.c
Linking C executable cmTC_063d2
/usr/bin/cmake -E cmake_link_script CMakeFiles/cmTC_063d2.dir/link.txt --verbose=1
/usr/bin/cc      -rdynamic CMakeFiles/cmTC_063d2.dir/CheckIncludeFile.c.o  -o cmTC_063d2 
make[1]: Leaving directory '/home/ubuntu/log/glog/google_glog/glog/build/CMakeFiles/CMakeTmp'


Determining if the include file stdlib.h exists passed with the following output:
Change Dir: /home/ubuntu/log/glog/google_glog/glog/build/CMakeFiles/CMakeTmp

Run Build Command:"/usr/bin/make" "cmTC_0fe5b/fast"
/usr/bin/make -f CMakeFiles/cmTC_0fe5b.dir/build.make CMakeFiles/cmTC_0fe5b.dir/build
make[1]: Entering directory '/home/ubuntu/log/glog/google_glog/glog/build/CMakeFiles/CMakeTmp'
Building C object CMakeFiles/cmTC_0fe5b.dir/CheckIncludeFile.c.o
/usr/bin/cc    -o CMakeFiles/cmTC_0fe5b.dir/CheckIncludeFile.c.o   -c /home/ubuntu/log/glog/google_glog/glog/build/CMakeFiles/CMakeTmp/CheckIncludeFile.c
Linking C executable cmTC_0fe5b
/usr/bin/cmake -E cmake_link_script CMakeFiles/cmTC_0fe5b.dir/link.txt --verbose=1
/usr/bin/cc      -rdynamic CMakeFiles/cmTC_0fe5b.dir/CheckIncludeFile.c.o  -o cmTC_0fe5b 
make[1]: Leaving directory '/home/ubuntu/log/glog/google_glog/glog/build/CMakeFiles/CMakeTmp'


Determining if the include file string.h exists passed with the following output:
Change Dir: /home/ubuntu/log/glog/google_glog/glog/build/CMakeFiles/CMakeTmp

Run Build Command:"/usr/bin/make" "cmTC_86645/fast"
/usr/bin/make -f CMakeFiles/cmTC_86645.dir/build.make CMakeFiles/cmTC_86645.dir/build
make[1]: Entering directory '/home/ubuntu/log/glog/google_glog/glog/build/CMakeFiles/CMakeTmp'
Building C object CMakeFiles/cmTC_86645.dir/CheckIncludeFile.c.o
/usr/bin/cc    -o CMakeFiles/cmTC_86645.dir/CheckIncludeFile.c.o   -c /home/ubuntu/log/glog/google_glog/glog/build/CMakeFiles/CMakeTmp/CheckIncludeFile.c
Linking C executable cmTC_86645
/usr/bin/cmake -E cmake_link_script CMakeFiles/cmTC_86645.dir/link.txt --verbose=1
/usr/bin/cc      -rdynamic CMakeFiles/cmTC_86645.dir/CheckIncludeFile.c.o  -o cmTC_86645 
make[1]: Leaving directory '/home/ubuntu/log/glog/google_glog/glog/build/CMakeFiles/CMakeTmp'


Determining if the include file strings.h exists passed with the following output:
Change Dir: /home/ubuntu/log/glog/google_glog/glog/build/CMakeFiles/CMakeTmp

Run Build Command:"/usr/bin/make" "cmTC_55fb0/fast"
/usr/bin/make -f CMakeFiles/cmTC_55fb0.dir/build.make CMakeFiles/cmTC_55fb0.dir/build
make[1]: Entering directory '/home/ubuntu/log/glog/google_glog/glog/build/CMakeFiles/CMakeTmp'
Building C object CMakeFiles/cmTC_55fb0.dir/CheckIncludeFile.c.o
/usr/bin/cc    -o CMakeFiles/cmTC_55fb0.dir/CheckIncludeFile.c.o   -c /home/ubuntu/log/glog/google_glog/glog/build/CMakeFiles/CMakeTmp/CheckIncludeFile.c
Linking C executable cmTC_55fb0
/usr/bin/cmake -E cmake_link_script CMakeFiles/cmTC_55fb0.dir/link.txt --verbose=1
/usr/bin/cc      -rdynamic CMakeFiles/cmTC_55fb0.dir/CheckIncludeFile.c.o  -o cmTC_55fb0 
make[1]: Leaving directory '/home/ubuntu/log/glog/google_glog/glog/build/CMakeFiles/CMakeTmp'


Determining if the include file sys/stat.h exists passed with the following output:
Change Dir: /home/ubuntu/log/glog/google_glog/glog/build/CMakeFiles/CMakeTmp

Run Build Command:"/usr/bin/make" "cmTC_03657/fast"
/usr/bin/make -f CMakeFiles/cmTC_03657.dir/build.make CMakeFiles/cmTC_03657.dir/build
make[1]: Entering directory '/home/ubuntu/log/glog/google_glog/glog/build/CMakeFiles/CMakeTmp'
Building C object CMakeFiles/cmTC_03657.dir/CheckIncludeFile.c.o
/usr/bin/cc    -o CMakeFiles/cmTC_03657.dir/CheckIncludeFile.c.o   -c /home/ubuntu/log/glog/google_glog/glog/build/CMakeFiles/CMakeTmp/CheckIncludeFile.c
Linking C executable cmTC_03657
/usr/bin/cmake -E cmake_link_script CMakeFiles/cmTC_03657.dir/link.txt --verbose=1
/usr/bin/cc      -rdynamic CMakeFiles/cmTC_03657.dir/CheckIncludeFile.c.o  -o cmTC_03657 
make[1]: Leaving directory '/home/ubuntu/log/glog/google_glog/glog/build/CMakeFiles/CMakeTmp'


Determining if the include file sys/syscall.h exists passed with the following output:
Change Dir: /home/ubuntu/log/glog/google_glog/glog/build/CMakeFiles/CMakeTmp

Run Build Command:"/usr/bin/make" "cmTC_a1d55/fast"
/usr/bin/make -f CMakeFiles/cmTC_a1d55.dir/build.make CMakeFiles/cmTC_a1d55.dir/build
make[1]: Entering directory '/home/ubuntu/log/glog/google_glog/glog/build/CMakeFiles/CMakeTmp'
Building C object CMakeFiles/cmTC_a1d55.dir/CheckIncludeFile.c.o
/usr/bin/cc    -o CMakeFiles/cmTC_a1d55.dir/CheckIncludeFile.c.o   -c /home/ubuntu/log/glog/google_glog/glog/build/CMakeFiles/CMakeTmp/CheckIncludeFile.c
Linking C executable cmTC_a1d55
/usr/bin/cmake -E cmake_link_script CMakeFiles/cmTC_a1d55.dir/link.txt --verbose=1
/usr/bin/cc      -rdynamic CMakeFiles/cmTC_a1d55.dir/CheckIncludeFile.c.o  -o cmTC_a1d55 
make[1]: Leaving directory '/home/ubuntu/log/glog/google_glog/glog/build/CMakeFiles/CMakeTmp'


Determining if the include file sys/time.h exists passed with the following output:
Change Dir: /home/ubuntu/log/glog/google_glog/glog/build/CMakeFiles/CMakeTmp

Run Build Command:"/usr/bin/make" "cmTC_be54a/fast"
/usr/bin/make -f CMakeFiles/cmTC_be54a.dir/build.make CMakeFiles/cmTC_be54a.dir/build
make[1]: Entering directory '/home/ubuntu/log/glog/google_glog/glog/build/CMakeFiles/CMakeTmp'
Building C object CMakeFiles/cmTC_be54a.dir/CheckIncludeFile.c.o
/usr/bin/cc    -o CMakeFiles/cmTC_be54a.dir/CheckIncludeFile.c.o   -c /home/ubuntu/log/glog/google_glog/glog/build/CMakeFiles/CMakeTmp/CheckIncludeFile.c
Linking C executable cmTC_be54a
/usr/bin/cmake -E cmake_link_script CMakeFiles/cmTC_be54a.dir/link.txt --verbose=1
/usr/bin/cc      -rdynamic CMakeFiles/cmTC_be54a.dir/CheckIncludeFile.c.o  -o cmTC_be54a 
make[1]: Leaving directory '/home/ubuntu/log/glog/google_glog/glog/build/CMakeFiles/CMakeTmp'


Determining if the include file sys/types.h exists passed with the following output:
Change Dir: /home/ubuntu/log/glog/google_glog/glog/build/CMakeFiles/CMakeTmp

Run Build Command:"/usr/bin/make" "cmTC_a2c69/fast"
/usr/bin/make -f CMakeFiles/cmTC_a2c69.dir/build.make CMakeFiles/cmTC_a2c69.dir/build
make[1]: Entering directory '/home/ubuntu/log/glog/google_glog/glog/build/CMakeFiles/CMakeTmp'
Building C object CMakeFiles/cmTC_a2c69.dir/CheckIncludeFile.c.o
/usr/bin/cc    -o CMakeFiles/cmTC_a2c69.dir/CheckIncludeFile.c.o   -c /home/ubuntu/log/glog/google_glog/glog/build/CMakeFiles/CMakeTmp/CheckIncludeFile.c
Linking C executable cmTC_a2c69
/usr/bin/cmake -E cmake_link_script CMakeFiles/cmTC_a2c69.dir/link.txt --verbose=1
/usr/bin/cc      -rdynamic CMakeFiles/cmTC_a2c69.dir/CheckIncludeFile.c.o  -o cmTC_a2c69 
make[1]: Leaving directory '/home/ubuntu/log/glog/google_glog/glog/build/CMakeFiles/CMakeTmp'


Determining if the include file sys/utsname.h exists passed with the following output:
Change Dir: /home/ubuntu/log/glog/google_glog/glog/build/CMakeFiles/CMakeTmp

Run Build Command:"/usr/bin/make" "cmTC_4a3d4/fast"
/usr/bin/make -f CMakeFiles/cmTC_4a3d4.dir/build.make CMakeFiles/cmTC_4a3d4.dir/build
make[1]: Entering directory '/home/ubuntu/log/glog/google_glog/glog/build/CMakeFiles/CMakeTmp'
Building C object CMakeFiles/cmTC_4a3d4.dir/CheckIncludeFile.c.o
/usr/bin/cc    -o CMakeFiles/cmTC_4a3d4.dir/CheckIncludeFile.c.o   -c /home/ubuntu/log/glog/google_glog/glog/build/CMakeFiles/CMakeTmp/CheckIncludeFile.c
Linking C executable cmTC_4a3d4
/usr/bin/cmake -E cmake_link_script CMakeFiles/cmTC_4a3d4.dir/link.txt --verbose=1
/usr/bin/cc      -rdynamic CMakeFiles/cmTC_4a3d4.dir/CheckIncludeFile.c.o  -o cmTC_4a3d4 
make[1]: Leaving directory '/home/ubuntu/log/glog/google_glog/glog/build/CMakeFiles/CMakeTmp'


Determining if the include file sys/wait.h exists passed with the following output:
Change Dir: /home/ubuntu/log/glog/google_glog/glog/build/CMakeFiles/CMakeTmp

Run Build Command:"/usr/bin/make" "cmTC_73f2a/fast"
/usr/bin/make -f CMakeFiles/cmTC_73f2a.dir/build.make CMakeFiles/cmTC_73f2a.dir/build
make[1]: Entering directory '/home/ubuntu/log/glog/google_glog/glog/build/CMakeFiles/CMakeTmp'
Building C object CMakeFiles/cmTC_73f2a.dir/CheckIncludeFile.c.o
/usr/bin/cc    -o CMakeFiles/cmTC_73f2a.dir/CheckIncludeFile.c.o   -c /home/ubuntu/log/glog/google_glog/glog/build/CMakeFiles/CMakeTmp/CheckIncludeFile.c
Linking C executable cmTC_73f2a
/usr/bin/cmake -E cmake_link_script CMakeFiles/cmTC_73f2a.dir/link.txt --verbose=1
/usr/bin/cc      -rdynamic CMakeFiles/cmTC_73f2a.dir/CheckIncludeFile.c.o  -o cmTC_73f2a 
make[1]: Leaving directory '/home/ubuntu/log/glog/google_glog/glog/build/CMakeFiles/CMakeTmp'


Determining if the include file syscall.h exists passed with the following output:
Change Dir: /home/ubuntu/log/glog/google_glog/glog/build/CMakeFiles/CMakeTmp

Run Build Command:"/usr/bin/make" "cmTC_ee9a9/fast"
/usr/bin/make -f CMakeFiles/cmTC_ee9a9.dir/build.make CMakeFiles/cmTC_ee9a9.dir/build
make[1]: Entering directory '/home/ubuntu/log/glog/google_glog/glog/build/CMakeFiles/CMakeTmp'
Building C object CMakeFiles/cmTC_ee9a9.dir/CheckIncludeFile.c.o
/usr/bin/cc    -o CMakeFiles/cmTC_ee9a9.dir/CheckIncludeFile.c.o   -c /home/ubuntu/log/glog/google_glog/glog/build/CMakeFiles/CMakeTmp/CheckIncludeFile.c
Linking C executable cmTC_ee9a9
/usr/bin/cmake -E cmake_link_script CMakeFiles/cmTC_ee9a9.dir/link.txt --verbose=1
/usr/bin/cc      -rdynamic CMakeFiles/cmTC_ee9a9.dir/CheckIncludeFile.c.o  -o cmTC_ee9a9 
make[1]: Leaving directory '/home/ubuntu/log/glog/google_glog/glog/build/CMakeFiles/CMakeTmp'


Determining if the include file syslog.h exists passed with the following output:
Change Dir: /home/ubuntu/log/glog/google_glog/glog/build/CMakeFiles/CMakeTmp

Run Build Command:"/usr/bin/make" "cmTC_4ecc3/fast"
/usr/bin/make -f CMakeFiles/cmTC_4ecc3.dir/build.make CMakeFiles/cmTC_4ecc3.dir/build
make[1]: Entering directory '/home/ubuntu/log/glog/google_glog/glog/build/CMakeFiles/CMakeTmp'
Building C object CMakeFiles/cmTC_4ecc3.dir/CheckIncludeFile.c.o
/usr/bin/cc    -o CMakeFiles/cmTC_4ecc3.dir/CheckIncludeFile.c.o   -c /home/ubuntu/log/glog/google_glog/glog/build/CMakeFiles/CMakeTmp/CheckIncludeFile.c
Linking C executable cmTC_4ecc3
/usr/bin/cmake -E cmake_link_script CMakeFiles/cmTC_4ecc3.dir/link.txt --verbose=1
/usr/bin/cc      -rdynamic CMakeFiles/cmTC_4ecc3.dir/CheckIncludeFile.c.o  -o cmTC_4ecc3 
make[1]: Leaving directory '/home/ubuntu/log/glog/google_glog/glog/build/CMakeFiles/CMakeTmp'


Determining if the include file ucontext.h exists passed with the following output:
Change Dir: /home/ubuntu/log/glog/google_glog/glog/build/CMakeFiles/CMakeTmp

Run Build Command:"/usr/bin/make" "cmTC_4a8b5/fast"
/usr/bin/make -f CMakeFiles/cmTC_4a8b5.dir/build.make CMakeFiles/cmTC_4a8b5.dir/build
make[1]: Entering directory '/home/ubuntu/log/glog/google_glog/glog/build/CMakeFiles/CMakeTmp'
Building C object CMakeFiles/cmTC_4a8b5.dir/CheckIncludeFile.c.o
/usr/bin/cc    -o CMakeFiles/cmTC_4a8b5.dir/CheckIncludeFile.c.o   -c /home/ubuntu/log/glog/google_glog/glog/build/CMakeFiles/CMakeTmp/CheckIncludeFile.c
Linking C executable cmTC_4a8b5
/usr/bin/cmake -E cmake_link_script CMakeFiles/cmTC_4a8b5.dir/link.txt --verbose=1
/usr/bin/cc      -rdynamic CMakeFiles/cmTC_4a8b5.dir/CheckIncludeFile.c.o  -o cmTC_4a8b5 
make[1]: Leaving directory '/home/ubuntu/log/glog/google_glog/glog/build/CMakeFiles/CMakeTmp'


Determining if the include file unistd.h exists passed with the following output:
Change Dir: /home/ubuntu/log/glog/google_glog/glog/build/CMakeFiles/CMakeTmp

Run Build Command:"/usr/bin/make" "cmTC_7716e/fast"
/usr/bin/make -f CMakeFiles/cmTC_7716e.dir/build.make CMakeFiles/cmTC_7716e.dir/build
make[1]: Entering directory '/home/ubuntu/log/glog/google_glog/glog/build/CMakeFiles/CMakeTmp'
Building C object CMakeFiles/cmTC_7716e.dir/CheckIncludeFile.c.o
/usr/bin/cc    -o CMakeFiles/cmTC_7716e.dir/CheckIncludeFile.c.o   -c /home/ubuntu/log/glog/google_glog/glog/build/CMakeFiles/CMakeTmp/CheckIncludeFile.c
Linking C executable cmTC_7716e
/usr/bin/cmake -E cmake_link_script CMakeFiles/cmTC_7716e.dir/link.txt --verbose=1
/usr/bin/cc      -rdynamic CMakeFiles/cmTC_7716e.dir/CheckIncludeFile.c.o  -o cmTC_7716e 
make[1]: Leaving directory '/home/ubuntu/log/glog/google_glog/glog/build/CMakeFiles/CMakeTmp'


Determining if the include file ext/hash_map exists passed with the following output:
Change Dir: /home/ubuntu/log/glog/google_glog/glog/build/CMakeFiles/CMakeTmp

Run Build Command:"/usr/bin/make" "cmTC_dfc71/fast"
/usr/bin/make -f CMakeFiles/cmTC_dfc71.dir/build.make CMakeFiles/cmTC_dfc71.dir/build
make[1]: Entering directory '/home/ubuntu/log/glog/google_glog/glog/build/CMakeFiles/CMakeTmp'
Building CXX object CMakeFiles/cmTC_dfc71.dir/CheckIncludeFile.cxx.o
/usr/bin/c++     -o CMakeFiles/cmTC_dfc71.dir/CheckIncludeFile.cxx.o -c /home/ubuntu/log/glog/google_glog/glog/build/CMakeFiles/CMakeTmp/CheckIncludeFile.cxx
In file included from /usr/include/c++/7/ext/hash_map:60:0,
                 from /home/ubuntu/log/glog/google_glog/glog/build/CMakeFiles/CMakeTmp/CheckIncludeFile.cxx:1:
/usr/include/c++/7/backward/backward_warning.h:32:2: warning: #warning This file includes at least one deprecated or antiquated header which may be removed without further notice at a future date. Please use a non-deprecated interface with equivalent functionality instead. For a listing of replacement headers and interfaces, consult the file backward_warning.h. To disable this warning use -Wno-deprecated. [-Wcpp]
 #warning \
  ^~~~~~~
Linking CXX executable cmTC_dfc71
/usr/bin/cmake -E cmake_link_script CMakeFiles/cmTC_dfc71.dir/link.txt --verbose=1
/usr/bin/c++       -rdynamic CMakeFiles/cmTC_dfc71.dir/CheckIncludeFile.cxx.o  -o cmTC_dfc71 
make[1]: Leaving directory '/home/ubuntu/log/glog/google_glog/glog/build/CMakeFiles/CMakeTmp'


Determining if the include file ext/hash_set exists passed with the following output:
Change Dir: /home/ubuntu/log/glog/google_glog/glog/build/CMakeFiles/CMakeTmp

Run Build Command:"/usr/bin/make" "cmTC_215de/fast"
/usr/bin/make -f CMakeFiles/cmTC_215de.dir/build.make CMakeFiles/cmTC_215de.dir/build
make[1]: Entering directory '/home/ubuntu/log/glog/google_glog/glog/build/CMakeFiles/CMakeTmp'
Building CXX object CMakeFiles/cmTC_215de.dir/CheckIncludeFile.cxx.o
/usr/bin/c++     -o CMakeFiles/cmTC_215de.dir/CheckIncludeFile.cxx.o -c /home/ubuntu/log/glog/google_glog/glog/build/CMakeFiles/CMakeTmp/CheckIncludeFile.cxx
In file included from /usr/include/c++/7/ext/hash_set:60:0,
                 from /home/ubuntu/log/glog/google_glog/glog/build/CMakeFiles/CMakeTmp/CheckIncludeFile.cxx:1:
/usr/include/c++/7/backward/backward_warning.h:32:2: warning: #warning This file includes at least one deprecated or antiquated header which may be removed without further notice at a future date. Please use a non-deprecated interface with equivalent functionality instead. For a listing of replacement headers and interfaces, consult the file backward_warning.h. To disable this warning use -Wno-deprecated. [-Wcpp]
 #warning \
  ^~~~~~~
Linking CXX executable cmTC_215de
/usr/bin/cmake -E cmake_link_script CMakeFiles/cmTC_215de.dir/link.txt --verbose=1
/usr/bin/c++       -rdynamic CMakeFiles/cmTC_215de.dir/CheckIncludeFile.cxx.o  -o cmTC_215de 
make[1]: Leaving directory '/home/ubuntu/log/glog/google_glog/glog/build/CMakeFiles/CMakeTmp'


Determining if the include file ext/slist exists passed with the following output:
Change Dir: /home/ubuntu/log/glog/google_glog/glog/build/CMakeFiles/CMakeTmp

Run Build Command:"/usr/bin/make" "cmTC_2eaaa/fast"
/usr/bin/make -f CMakeFiles/cmTC_2eaaa.dir/build.make CMakeFiles/cmTC_2eaaa.dir/build
make[1]: Entering directory '/home/ubuntu/log/glog/google_glog/glog/build/CMakeFiles/CMakeTmp'
Building CXX object CMakeFiles/cmTC_2eaaa.dir/CheckIncludeFile.cxx.o
/usr/bin/c++     -o CMakeFiles/cmTC_2eaaa.dir/CheckIncludeFile.cxx.o -c /home/ubuntu/log/glog/google_glog/glog/build/CMakeFiles/CMakeTmp/CheckIncludeFile.cxx
Linking CXX executable cmTC_2eaaa
/usr/bin/cmake -E cmake_link_script CMakeFiles/cmTC_2eaaa.dir/link.txt --verbose=1
/usr/bin/c++       -rdynamic CMakeFiles/cmTC_2eaaa.dir/CheckIncludeFile.cxx.o  -o cmTC_2eaaa 
make[1]: Leaving directory '/home/ubuntu/log/glog/google_glog/glog/build/CMakeFiles/CMakeTmp'


Determining if the include file tr1/unordered_map exists passed with the following output:
Change Dir: /home/ubuntu/log/glog/google_glog/glog/build/CMakeFiles/CMakeTmp

Run Build Command:"/usr/bin/make" "cmTC_d398f/fast"
/usr/bin/make -f CMakeFiles/cmTC_d398f.dir/build.make CMakeFiles/cmTC_d398f.dir/build
make[1]: Entering directory '/home/ubuntu/log/glog/google_glog/glog/build/CMakeFiles/CMakeTmp'
Building CXX object CMakeFiles/cmTC_d398f.dir/CheckIncludeFile.cxx.o
/usr/bin/c++     -o CMakeFiles/cmTC_d398f.dir/CheckIncludeFile.cxx.o -c /home/ubuntu/log/glog/google_glog/glog/build/CMakeFiles/CMakeTmp/CheckIncludeFile.cxx
Linking CXX executable cmTC_d398f
/usr/bin/cmake -E cmake_link_script CMakeFiles/cmTC_d398f.dir/link.txt --verbose=1
/usr/bin/c++       -rdynamic CMakeFiles/cmTC_d398f.dir/CheckIncludeFile.cxx.o  -o cmTC_d398f 
make[1]: Leaving directory '/home/ubuntu/log/glog/google_glog/glog/build/CMakeFiles/CMakeTmp'


Determining if the include file tr1/unordered_set exists passed with the following output:
Change Dir: /home/ubuntu/log/glog/google_glog/glog/build/CMakeFiles/CMakeTmp

Run Build Command:"/usr/bin/make" "cmTC_cbaa0/fast"
/usr/bin/make -f CMakeFiles/cmTC_cbaa0.dir/build.make CMakeFiles/cmTC_cbaa0.dir/build
make[1]: Entering directory '/home/ubuntu/log/glog/google_glog/glog/build/CMakeFiles/CMakeTmp'
Building CXX object CMakeFiles/cmTC_cbaa0.dir/CheckIncludeFile.cxx.o
/usr/bin/c++     -o CMakeFiles/cmTC_cbaa0.dir/CheckIncludeFile.cxx.o -c /home/ubuntu/log/glog/google_glog/glog/build/CMakeFiles/CMakeTmp/CheckIncludeFile.cxx
Linking CXX executable cmTC_cbaa0
/usr/bin/cmake -E cmake_link_script CMakeFiles/cmTC_cbaa0.dir/link.txt --verbose=1
/usr/bin/c++       -rdynamic CMakeFiles/cmTC_cbaa0.dir/CheckIncludeFile.cxx.o  -o cmTC_cbaa0 
make[1]: Leaving directory '/home/ubuntu/log/glog/google_glog/glog/build/CMakeFiles/CMakeTmp'


Determining if the include file unordered_map exists passed with the following output:
Change Dir: /home/ubuntu/log/glog/google_glog/glog/build/CMakeFiles/CMakeTmp

Run Build Command:"/usr/bin/make" "cmTC_0216b/fast"
/usr/bin/make -f CMakeFiles/cmTC_0216b.dir/build.make CMakeFiles/cmTC_0216b.dir/build
make[1]: Entering directory '/home/ubuntu/log/glog/google_glog/glog/build/CMakeFiles/CMakeTmp'
Building CXX object CMakeFiles/cmTC_0216b.dir/CheckIncludeFile.cxx.o
/usr/bin/c++     -o CMakeFiles/cmTC_0216b.dir/CheckIncludeFile.cxx.o -c /home/ubuntu/log/glog/google_glog/glog/build/CMakeFiles/CMakeTmp/CheckIncludeFile.cxx
Linking CXX executable cmTC_0216b
/usr/bin/cmake -E cmake_link_script CMakeFiles/cmTC_0216b.dir/link.txt --verbose=1
/usr/bin/c++       -rdynamic CMakeFiles/cmTC_0216b.dir/CheckIncludeFile.cxx.o  -o cmTC_0216b 
make[1]: Leaving directory '/home/ubuntu/log/glog/google_glog/glog/build/CMakeFiles/CMakeTmp'


Determining if the include file unordered_set exists passed with the following output:
Change Dir: /home/ubuntu/log/glog/google_glog/glog/build/CMakeFiles/CMakeTmp

Run Build Command:"/usr/bin/make" "cmTC_cff50/fast"
/usr/bin/make -f CMakeFiles/cmTC_cff50.dir/build.make CMakeFiles/cmTC_cff50.dir/build
make[1]: Entering directory '/home/ubuntu/log/glog/google_glog/glog/build/CMakeFiles/CMakeTmp'
Building CXX object CMakeFiles/cmTC_cff50.dir/CheckIncludeFile.cxx.o
/usr/bin/c++     -o CMakeFiles/cmTC_cff50.dir/CheckIncludeFile.cxx.o -c /home/ubuntu/log/glog/google_glog/glog/build/CMakeFiles/CMakeTmp/CheckIncludeFile.cxx
Linking CXX executable cmTC_cff50
/usr/bin/cmake -E cmake_link_script CMakeFiles/cmTC_cff50.dir/link.txt --verbose=1
/usr/bin/c++       -rdynamic CMakeFiles/cmTC_cff50.dir/CheckIncludeFile.cxx.o  -o cmTC_cff50 
make[1]: Leaving directory '/home/ubuntu/log/glog/google_glog/glog/build/CMakeFiles/CMakeTmp'


Determining if the include file stddef.h exists passed with the following output:
Change Dir: /home/ubuntu/log/glog/google_glog/glog/build/CMakeFiles/CMakeTmp

Run Build Command:"/usr/bin/make" "cmTC_5fe74/fast"
/usr/bin/make -f CMakeFiles/cmTC_5fe74.dir/build.make CMakeFiles/cmTC_5fe74.dir/build
make[1]: Entering directory '/home/ubuntu/log/glog/google_glog/glog/build/CMakeFiles/CMakeTmp'
Building C object CMakeFiles/cmTC_5fe74.dir/CheckIncludeFile.c.o
/usr/bin/cc    -o CMakeFiles/cmTC_5fe74.dir/CheckIncludeFile.c.o   -c /home/ubuntu/log/glog/google_glog/glog/build/CMakeFiles/CMakeTmp/CheckIncludeFile.c
Linking C executable cmTC_5fe74
/usr/bin/cmake -E cmake_link_script CMakeFiles/cmTC_5fe74.dir/link.txt --verbose=1
/usr/bin/cc      -rdynamic CMakeFiles/cmTC_5fe74.dir/CheckIncludeFile.c.o  -o cmTC_5fe74 
make[1]: Leaving directory '/home/ubuntu/log/glog/google_glog/glog/build/CMakeFiles/CMakeTmp'


Determining size of u_int16_t passed with the following output:
Change Dir: /home/ubuntu/log/glog/google_glog/glog/build/CMakeFiles/CMakeTmp

Run Build Command:"/usr/bin/make" "cmTC_bb67a/fast"
/usr/bin/make -f CMakeFiles/cmTC_bb67a.dir/build.make CMakeFiles/cmTC_bb67a.dir/build
make[1]: Entering directory '/home/ubuntu/log/glog/google_glog/glog/build/CMakeFiles/CMakeTmp'
Building C object CMakeFiles/cmTC_bb67a.dir/HAVE_U_INT16_T.c.o
/usr/bin/cc    -o CMakeFiles/cmTC_bb67a.dir/HAVE_U_INT16_T.c.o   -c /home/ubuntu/log/glog/google_glog/glog/build/CMakeFiles/CheckTypeSize/HAVE_U_INT16_T.c
Linking C executable cmTC_bb67a
/usr/bin/cmake -E cmake_link_script CMakeFiles/cmTC_bb67a.dir/link.txt --verbose=1
/usr/bin/cc      -rdynamic CMakeFiles/cmTC_bb67a.dir/HAVE_U_INT16_T.c.o  -o cmTC_bb67a 
make[1]: Leaving directory '/home/ubuntu/log/glog/google_glog/glog/build/CMakeFiles/CMakeTmp'


Determining size of uint16_t passed with the following output:
Change Dir: /home/ubuntu/log/glog/google_glog/glog/build/CMakeFiles/CMakeTmp

Run Build Command:"/usr/bin/make" "cmTC_4d738/fast"
/usr/bin/make -f CMakeFiles/cmTC_4d738.dir/build.make CMakeFiles/cmTC_4d738.dir/build
make[1]: Entering directory '/home/ubuntu/log/glog/google_glog/glog/build/CMakeFiles/CMakeTmp'
Building C object CMakeFiles/cmTC_4d738.dir/HAVE_UINT16_T.c.o
/usr/bin/cc    -o CMakeFiles/cmTC_4d738.dir/HAVE_UINT16_T.c.o   -c /home/ubuntu/log/glog/google_glog/glog/build/CMakeFiles/CheckTypeSize/HAVE_UINT16_T.c
Linking C executable cmTC_4d738
/usr/bin/cmake -E cmake_link_script CMakeFiles/cmTC_4d738.dir/link.txt --verbose=1
/usr/bin/cc      -rdynamic CMakeFiles/cmTC_4d738.dir/HAVE_UINT16_T.c.o  -o cmTC_4d738 
make[1]: Leaving directory '/home/ubuntu/log/glog/google_glog/glog/build/CMakeFiles/CMakeTmp'


Determining if the function fcntl exists passed with the following output:
Change Dir: /home/ubuntu/log/glog/google_glog/glog/build/CMakeFiles/CMakeTmp

Run Build Command:"/usr/bin/make" "cmTC_84325/fast"
/usr/bin/make -f CMakeFiles/cmTC_84325.dir/build.make CMakeFiles/cmTC_84325.dir/build
make[1]: Entering directory '/home/ubuntu/log/glog/google_glog/glog/build/CMakeFiles/CMakeTmp'
Building C object CMakeFiles/cmTC_84325.dir/CheckFunctionExists.c.o
/usr/bin/cc   -DCHECK_FUNCTION_EXISTS=fcntl   -o CMakeFiles/cmTC_84325.dir/CheckFunctionExists.c.o   -c /usr/share/cmake-3.10/Modules/CheckFunctionExists.c
Linking C executable cmTC_84325
/usr/bin/cmake -E cmake_link_script CMakeFiles/cmTC_84325.dir/link.txt --verbose=1
/usr/bin/cc  -DCHECK_FUNCTION_EXISTS=fcntl    -rdynamic CMakeFiles/cmTC_84325.dir/CheckFunctionExists.c.o  -o cmTC_84325 
make[1]: Leaving directory '/home/ubuntu/log/glog/google_glog/glog/build/CMakeFiles/CMakeTmp'


Determining if the function pread exists passed with the following output:
Change Dir: /home/ubuntu/log/glog/google_glog/glog/build/CMakeFiles/CMakeTmp

Run Build Command:"/usr/bin/make" "cmTC_80681/fast"
/usr/bin/make -f CMakeFiles/cmTC_80681.dir/build.make CMakeFiles/cmTC_80681.dir/build
make[1]: Entering directory '/home/ubuntu/log/glog/google_glog/glog/build/CMakeFiles/CMakeTmp'
Building C object CMakeFiles/cmTC_80681.dir/CheckFunctionExists.c.o
/usr/bin/cc   -DCHECK_FUNCTION_EXISTS=pread   -o CMakeFiles/cmTC_80681.dir/CheckFunctionExists.c.o   -c /usr/share/cmake-3.10/Modules/CheckFunctionExists.c
Linking C executable cmTC_80681
/usr/bin/cmake -E cmake_link_script CMakeFiles/cmTC_80681.dir/link.txt --verbose=1
/usr/bin/cc  -DCHECK_FUNCTION_EXISTS=pread    -rdynamic CMakeFiles/cmTC_80681.dir/CheckFunctionExists.c.o  -o cmTC_80681 
make[1]: Leaving directory '/home/ubuntu/log/glog/google_glog/glog/build/CMakeFiles/CMakeTmp'


Determining if the function pwrite exists passed with the following output:
Change Dir: /home/ubuntu/log/glog/google_glog/glog/build/CMakeFiles/CMakeTmp

Run Build Command:"/usr/bin/make" "cmTC_74af9/fast"
/usr/bin/make -f CMakeFiles/cmTC_74af9.dir/build.make CMakeFiles/cmTC_74af9.dir/build
make[1]: Entering directory '/home/ubuntu/log/glog/google_glog/glog/build/CMakeFiles/CMakeTmp'
Building C object CMakeFiles/cmTC_74af9.dir/CheckFunctionExists.c.o
/usr/bin/cc   -DCHECK_FUNCTION_EXISTS=pwrite   -o CMakeFiles/cmTC_74af9.dir/CheckFunctionExists.c.o   -c /usr/share/cmake-3.10/Modules/CheckFunctionExists.c
Linking C executable cmTC_74af9
/usr/bin/cmake -E cmake_link_script CMakeFiles/cmTC_74af9.dir/link.txt --verbose=1
/usr/bin/cc  -DCHECK_FUNCTION_EXISTS=pwrite    -rdynamic CMakeFiles/cmTC_74af9.dir/CheckFunctionExists.c.o  -o cmTC_74af9 
make[1]: Leaving directory '/home/ubuntu/log/glog/google_glog/glog/build/CMakeFiles/CMakeTmp'


Determining if the function sigaction exists passed with the following output:
Change Dir: /home/ubuntu/log/glog/google_glog/glog/build/CMakeFiles/CMakeTmp

Run Build Command:"/usr/bin/make" "cmTC_71416/fast"
/usr/bin/make -f CMakeFiles/cmTC_71416.dir/build.make CMakeFiles/cmTC_71416.dir/build
make[1]: Entering directory '/home/ubuntu/log/glog/google_glog/glog/build/CMakeFiles/CMakeTmp'
Building C object CMakeFiles/cmTC_71416.dir/CheckFunctionExists.c.o
/usr/bin/cc   -DCHECK_FUNCTION_EXISTS=sigaction   -o CMakeFiles/cmTC_71416.dir/CheckFunctionExists.c.o   -c /usr/share/cmake-3.10/Modules/CheckFunctionExists.c
Linking C executable cmTC_71416
/usr/bin/cmake -E cmake_link_script CMakeFiles/cmTC_71416.dir/link.txt --verbose=1
/usr/bin/cc  -DCHECK_FUNCTION_EXISTS=sigaction    -rdynamic CMakeFiles/cmTC_71416.dir/CheckFunctionExists.c.o  -o cmTC_71416 
make[1]: Leaving directory '/home/ubuntu/log/glog/google_glog/glog/build/CMakeFiles/CMakeTmp'


Determining if the function sigaltstack exists passed with the following output:
Change Dir: /home/ubuntu/log/glog/google_glog/glog/build/CMakeFiles/CMakeTmp

Run Build Command:"/usr/bin/make" "cmTC_95cf8/fast"
/usr/bin/make -f CMakeFiles/cmTC_95cf8.dir/build.make CMakeFiles/cmTC_95cf8.dir/build
make[1]: Entering directory '/home/ubuntu/log/glog/google_glog/glog/build/CMakeFiles/CMakeTmp'
Building C object CMakeFiles/cmTC_95cf8.dir/CheckFunctionExists.c.o
/usr/bin/cc   -DCHECK_FUNCTION_EXISTS=sigaltstack   -o CMakeFiles/cmTC_95cf8.dir/CheckFunctionExists.c.o   -c /usr/share/cmake-3.10/Modules/CheckFunctionExists.c
Linking C executable cmTC_95cf8
/usr/bin/cmake -E cmake_link_script CMakeFiles/cmTC_95cf8.dir/link.txt --verbose=1
/usr/bin/cc  -DCHECK_FUNCTION_EXISTS=sigaltstack    -rdynamic CMakeFiles/cmTC_95cf8.dir/CheckFunctionExists.c.o  -o cmTC_95cf8 
make[1]: Leaving directory '/home/ubuntu/log/glog/google_glog/glog/build/CMakeFiles/CMakeTmp'


Performing C++ SOURCE FILE Test HAVE_NO_DEPRECATED succeeded with the following output:
Change Dir: /home/ubuntu/log/glog/google_glog/glog/build/CMakeFiles/CMakeTmp

Run Build Command:"/usr/bin/make" "cmTC_5b8ea/fast"
/usr/bin/make -f CMakeFiles/cmTC_5b8ea.dir/build.make CMakeFiles/cmTC_5b8ea.dir/build
make[1]: Entering directory '/home/ubuntu/log/glog/google_glog/glog/build/CMakeFiles/CMakeTmp'
Building CXX object CMakeFiles/cmTC_5b8ea.dir/src.cxx.o
/usr/bin/c++    -DHAVE_NO_DEPRECATED   -Wdeprecated -o CMakeFiles/cmTC_5b8ea.dir/src.cxx.o -c /home/ubuntu/log/glog/google_glog/glog/build/CMakeFiles/CMakeTmp/src.cxx
Linking CXX executable cmTC_5b8ea
/usr/bin/cmake -E cmake_link_script CMakeFiles/cmTC_5b8ea.dir/link.txt --verbose=1
/usr/bin/c++   -DHAVE_NO_DEPRECATED    -rdynamic CMakeFiles/cmTC_5b8ea.dir/src.cxx.o  -o cmTC_5b8ea 
make[1]: Leaving directory '/home/ubuntu/log/glog/google_glog/glog/build/CMakeFiles/CMakeTmp'

Source file was:
int main() { return 0; }
Determining if the snprintf exist passed with the following output:
Change Dir: /home/ubuntu/log/glog/google_glog/glog/build/CMakeFiles/CMakeTmp

Run Build Command:"/usr/bin/make" "cmTC_573a7/fast"
/usr/bin/make -f CMakeFiles/cmTC_573a7.dir/build.make CMakeFiles/cmTC_573a7.dir/build
make[1]: Entering directory '/home/ubuntu/log/glog/google_glog/glog/build/CMakeFiles/CMakeTmp'
Building C object CMakeFiles/cmTC_573a7.dir/CheckSymbolExists.c.o
/usr/bin/cc    -o CMakeFiles/cmTC_573a7.dir/CheckSymbolExists.c.o   -c /home/ubuntu/log/glog/google_glog/glog/build/CMakeFiles/CMakeTmp/CheckSymbolExists.c
Linking C executable cmTC_573a7
/usr/bin/cmake -E cmake_link_script CMakeFiles/cmTC_573a7.dir/link.txt --verbose=1
/usr/bin/cc      -rdynamic CMakeFiles/cmTC_573a7.dir/CheckSymbolExists.c.o  -o cmTC_573a7 
make[1]: Leaving directory '/home/ubuntu/log/glog/google_glog/glog/build/CMakeFiles/CMakeTmp'

File /home/ubuntu/log/glog/google_glog/glog/build/CMakeFiles/CMakeTmp/CheckSymbolExists.c:
/* */
#include <stdio.h>

int main(int argc, char** argv)
{
  (void)argv;
#ifndef snprintf
  return ((int*)(&snprintf))[argc];
#else
  (void)argc;
  return 0;
#endif
}

Performing C SOURCE FILE Test HAVE___ATTRIBUTE__ succeeded with the following output:
Change Dir: /home/ubuntu/log/glog/google_glog/glog/build/CMakeFiles/CMakeTmp

Run Build Command:"/usr/bin/make" "cmTC_8c473/fast"
/usr/bin/make -f CMakeFiles/cmTC_8c473.dir/build.make CMakeFiles/cmTC_8c473.dir/build
make[1]: Entering directory '/home/ubuntu/log/glog/google_glog/glog/build/CMakeFiles/CMakeTmp'
Building C object CMakeFiles/cmTC_8c473.dir/src.c.o
/usr/bin/cc   -DHAVE___ATTRIBUTE__   -o CMakeFiles/cmTC_8c473.dir/src.c.o   -c /home/ubuntu/log/glog/google_glog/glog/build/CMakeFiles/CMakeTmp/src.c
Linking C executable cmTC_8c473
/usr/bin/cmake -E cmake_link_script CMakeFiles/cmTC_8c473.dir/link.txt --verbose=1
/usr/bin/cc  -DHAVE___ATTRIBUTE__    -rdynamic CMakeFiles/cmTC_8c473.dir/src.c.o  -o cmTC_8c473 
make[1]: Leaving directory '/home/ubuntu/log/glog/google_glog/glog/build/CMakeFiles/CMakeTmp'

Source file was:

#include <stdlib.h>
static void foo(void) __attribute__ ((unused));
int main(void) { return 0; }

Performing C SOURCE FILE Test HAVE___ATTRIBUTE__VISIBILITY_DEFAULT succeeded with the following output:
Change Dir: /home/ubuntu/log/glog/google_glog/glog/build/CMakeFiles/CMakeTmp

Run Build Command:"/usr/bin/make" "cmTC_8333c/fast"
/usr/bin/make -f CMakeFiles/cmTC_8333c.dir/build.make CMakeFiles/cmTC_8333c.dir/build
make[1]: Entering directory '/home/ubuntu/log/glog/google_glog/glog/build/CMakeFiles/CMakeTmp'
Building C object CMakeFiles/cmTC_8333c.dir/src.c.o
/usr/bin/cc   -DHAVE___ATTRIBUTE__VISIBILITY_DEFAULT   -o CMakeFiles/cmTC_8333c.dir/src.c.o   -c /home/ubuntu/log/glog/google_glog/glog/build/CMakeFiles/CMakeTmp/src.c
/home/ubuntu/log/glog/google_glog/glog/build/CMakeFiles/CMakeTmp/src.c:3:1: warning: visibility attribute ignored [-Wattributes]
 static void foo(void) __attribute__ ((visibility("default")));
 ^~~~~~
Linking C executable cmTC_8333c
/usr/bin/cmake -E cmake_link_script CMakeFiles/cmTC_8333c.dir/link.txt --verbose=1
/usr/bin/cc  -DHAVE___ATTRIBUTE__VISIBILITY_DEFAULT    -rdynamic CMakeFiles/cmTC_8333c.dir/src.c.o  -o cmTC_8333c 
make[1]: Leaving directory '/home/ubuntu/log/glog/google_glog/glog/build/CMakeFiles/CMakeTmp'

Source file was:

#include <stdlib.h>
static void foo(void) __attribute__ ((visibility("default")));
int main(void) { return 0; }

Performing C SOURCE FILE Test HAVE___ATTRIBUTE__VISIBILITY_HIDDEN succeeded with the following output:
Change Dir: /home/ubuntu/log/glog/google_glog/glog/build/CMakeFiles/CMakeTmp

Run Build Command:"/usr/bin/make" "cmTC_3ccb9/fast"
/usr/bin/make -f CMakeFiles/cmTC_3ccb9.dir/build.make CMakeFiles/cmTC_3ccb9.dir/build
make[1]: Entering directory '/home/ubuntu/log/glog/google_glog/glog/build/CMakeFiles/CMakeTmp'
Building C object CMakeFiles/cmTC_3ccb9.dir/src.c.o
/usr/bin/cc   -DHAVE___ATTRIBUTE__VISIBILITY_HIDDEN   -o CMakeFiles/cmTC_3ccb9.dir/src.c.o   -c /home/ubuntu/log/glog/google_glog/glog/build/CMakeFiles/CMakeTmp/src.c
/home/ubuntu/log/glog/google_glog/glog/build/CMakeFiles/CMakeTmp/src.c:3:1: warning: visibility attribute ignored [-Wattributes]
 static void foo(void) __attribute__ ((visibility("hidden")));
 ^~~~~~
Linking C executable cmTC_3ccb9
/usr/bin/cmake -E cmake_link_script CMakeFiles/cmTC_3ccb9.dir/link.txt --verbose=1
/usr/bin/cc  -DHAVE___ATTRIBUTE__VISIBILITY_HIDDEN    -rdynamic CMakeFiles/cmTC_3ccb9.dir/src.c.o  -o cmTC_3ccb9 
make[1]: Leaving directory '/home/ubuntu/log/glog/google_glog/glog/build/CMakeFiles/CMakeTmp'

Source file was:

#include <stdlib.h>
static void foo(void) __attribute__ ((visibility("hidden")));
int main(void) { return 0; }

Performing C SOURCE FILE Test HAVE___BUILTIN_EXPECT succeeded with the following output:
Change Dir: /home/ubuntu/log/glog/google_glog/glog/build/CMakeFiles/CMakeTmp

Run Build Command:"/usr/bin/make" "cmTC_6f02d/fast"
/usr/bin/make -f CMakeFiles/cmTC_6f02d.dir/build.make CMakeFiles/cmTC_6f02d.dir/build
make[1]: Entering directory '/home/ubuntu/log/glog/google_glog/glog/build/CMakeFiles/CMakeTmp'
Building C object CMakeFiles/cmTC_6f02d.dir/src.c.o
/usr/bin/cc   -DHAVE___BUILTIN_EXPECT   -o CMakeFiles/cmTC_6f02d.dir/src.c.o   -c /home/ubuntu/log/glog/google_glog/glog/build/CMakeFiles/CMakeTmp/src.c
Linking C executable cmTC_6f02d
/usr/bin/cmake -E cmake_link_script CMakeFiles/cmTC_6f02d.dir/link.txt --verbose=1
/usr/bin/cc  -DHAVE___BUILTIN_EXPECT    -rdynamic CMakeFiles/cmTC_6f02d.dir/src.c.o  -o cmTC_6f02d 
make[1]: Leaving directory '/home/ubuntu/log/glog/google_glog/glog/build/CMakeFiles/CMakeTmp'

Source file was:

int main(void) { if (__builtin_expect(0, 0)) return 1; return 0; }

Performing C SOURCE FILE Test HAVE___SYNC_VAL_COMPARE_AND_SWAP succeeded with the following output:
Change Dir: /home/ubuntu/log/glog/google_glog/glog/build/CMakeFiles/CMakeTmp

Run Build Command:"/usr/bin/make" "cmTC_28fac/fast"
/usr/bin/make -f CMakeFiles/cmTC_28fac.dir/build.make CMakeFiles/cmTC_28fac.dir/build
make[1]: Entering directory '/home/ubuntu/log/glog/google_glog/glog/build/CMakeFiles/CMakeTmp'
Building C object CMakeFiles/cmTC_28fac.dir/src.c.o
/usr/bin/cc   -DHAVE___SYNC_VAL_COMPARE_AND_SWAP   -o CMakeFiles/cmTC_28fac.dir/src.c.o   -c /home/ubuntu/log/glog/google_glog/glog/build/CMakeFiles/CMakeTmp/src.c
Linking C executable cmTC_28fac
/usr/bin/cmake -E cmake_link_script CMakeFiles/cmTC_28fac.dir/link.txt --verbose=1
/usr/bin/cc  -DHAVE___SYNC_VAL_COMPARE_AND_SWAP    -rdynamic CMakeFiles/cmTC_28fac.dir/src.c.o  -o cmTC_28fac 
make[1]: Leaving directory '/home/ubuntu/log/glog/google_glog/glog/build/CMakeFiles/CMakeTmp'

Source file was:

int main(void)
{
  int a; if (__sync_val_compare_and_swap(&a, 0, 1)) return 1; return 0;
}

Performing C++ SOURCE FILE Test STL_STD_NAMESPACE succeeded with the following output:
Change Dir: /home/ubuntu/log/glog/google_glog/glog/build/CMakeFiles/CMakeTmp

Run Build Command:"/usr/bin/make" "cmTC_12565/fast"
/usr/bin/make -f CMakeFiles/cmTC_12565.dir/build.make CMakeFiles/cmTC_12565.dir/build
make[1]: Entering directory '/home/ubuntu/log/glog/google_glog/glog/build/CMakeFiles/CMakeTmp'
Building CXX object CMakeFiles/cmTC_12565.dir/src.cxx.o
/usr/bin/c++    -DSTL_STD_NAMESPACE   -o CMakeFiles/cmTC_12565.dir/src.cxx.o -c /home/ubuntu/log/glog/google_glog/glog/build/CMakeFiles/CMakeTmp/src.cxx
Linking CXX executable cmTC_12565
/usr/bin/cmake -E cmake_link_script CMakeFiles/cmTC_12565.dir/link.txt --verbose=1
/usr/bin/c++   -DSTL_STD_NAMESPACE    -rdynamic CMakeFiles/cmTC_12565.dir/src.cxx.o  -o cmTC_12565 
make[1]: Leaving directory '/home/ubuntu/log/glog/google_glog/glog/build/CMakeFiles/CMakeTmp'

Source file was:

#include <vector>
std::vector<int> t; int main() { }

Performing C++ SOURCE FILE Test HAVE_USING_OPERATOR succeeded with the following output:
Change Dir: /home/ubuntu/log/glog/google_glog/glog/build/CMakeFiles/CMakeTmp

Run Build Command:"/usr/bin/make" "cmTC_ff7ad/fast"
/usr/bin/make -f CMakeFiles/cmTC_ff7ad.dir/build.make CMakeFiles/cmTC_ff7ad.dir/build
make[1]: Entering directory '/home/ubuntu/log/glog/google_glog/glog/build/CMakeFiles/CMakeTmp'
Building CXX object CMakeFiles/cmTC_ff7ad.dir/src.cxx.o
/usr/bin/c++    -DHAVE_USING_OPERATOR   -o CMakeFiles/cmTC_ff7ad.dir/src.cxx.o -c /home/ubuntu/log/glog/google_glog/glog/build/CMakeFiles/CMakeTmp/src.cxx
Linking CXX executable cmTC_ff7ad
/usr/bin/cmake -E cmake_link_script CMakeFiles/cmTC_ff7ad.dir/link.txt --verbose=1
/usr/bin/c++   -DHAVE_USING_OPERATOR    -rdynamic CMakeFiles/cmTC_ff7ad.dir/src.cxx.o  -o cmTC_ff7ad 
make[1]: Leaving directory '/home/ubuntu/log/glog/google_glog/glog/build/CMakeFiles/CMakeTmp'

Source file was:

#include <iostream>
std::ostream& operator<<(std::ostream&, struct s);
using ::operator<<;
int main() { }

Performing C++ SOURCE FILE Test HAVE_NAMESPACES succeeded with the following output:
Change Dir: /home/ubuntu/log/glog/google_glog/glog/build/CMakeFiles/CMakeTmp

Run Build Command:"/usr/bin/make" "cmTC_4b856/fast"
/usr/bin/make -f CMakeFiles/cmTC_4b856.dir/build.make CMakeFiles/cmTC_4b856.dir/build
make[1]: Entering directory '/home/ubuntu/log/glog/google_glog/glog/build/CMakeFiles/CMakeTmp'
Building CXX object CMakeFiles/cmTC_4b856.dir/src.cxx.o
/usr/bin/c++    -DHAVE_NAMESPACES   -o CMakeFiles/cmTC_4b856.dir/src.cxx.o -c /home/ubuntu/log/glog/google_glog/glog/build/CMakeFiles/CMakeTmp/src.cxx
Linking CXX executable cmTC_4b856
/usr/bin/cmake -E cmake_link_script CMakeFiles/cmTC_4b856.dir/link.txt --verbose=1
/usr/bin/c++   -DHAVE_NAMESPACES    -rdynamic CMakeFiles/cmTC_4b856.dir/src.cxx.o  -o cmTC_4b856 
make[1]: Leaving directory '/home/ubuntu/log/glog/google_glog/glog/build/CMakeFiles/CMakeTmp'

Source file was:

namespace Outer { namespace Inner { int i = 0; }}
using namespace Outer::Inner;;
int main() { return i; }

Performing C++ SOURCE FILE Test HAVE_GCC_TLS succeeded with the following output:
Change Dir: /home/ubuntu/log/glog/google_glog/glog/build/CMakeFiles/CMakeTmp

Run Build Command:"/usr/bin/make" "cmTC_d9b28/fast"
/usr/bin/make -f CMakeFiles/cmTC_d9b28.dir/build.make CMakeFiles/cmTC_d9b28.dir/build
make[1]: Entering directory '/home/ubuntu/log/glog/google_glog/glog/build/CMakeFiles/CMakeTmp'
Building CXX object CMakeFiles/cmTC_d9b28.dir/src.cxx.o
/usr/bin/c++    -DHAVE_GCC_TLS   -o CMakeFiles/cmTC_d9b28.dir/src.cxx.o -c /home/ubuntu/log/glog/google_glog/glog/build/CMakeFiles/CMakeTmp/src.cxx
Linking CXX executable cmTC_d9b28
/usr/bin/cmake -E cmake_link_script CMakeFiles/cmTC_d9b28.dir/link.txt --verbose=1
/usr/bin/c++   -DHAVE_GCC_TLS    -rdynamic CMakeFiles/cmTC_d9b28.dir/src.cxx.o  -o cmTC_d9b28 
make[1]: Leaving directory '/home/ubuntu/log/glog/google_glog/glog/build/CMakeFiles/CMakeTmp'

Source file was:

__thread int tls;
int main() { }

Performing C++ SOURCE FILE Test HAVE_CXX11_TLS succeeded with the following output:
Change Dir: /home/ubuntu/log/glog/google_glog/glog/build/CMakeFiles/CMakeTmp

Run Build Command:"/usr/bin/make" "cmTC_a606f/fast"
/usr/bin/make -f CMakeFiles/cmTC_a606f.dir/build.make CMakeFiles/cmTC_a606f.dir/build
make[1]: Entering directory '/home/ubuntu/log/glog/google_glog/glog/build/CMakeFiles/CMakeTmp'
Building CXX object CMakeFiles/cmTC_a606f.dir/src.cxx.o
/usr/bin/c++    -DHAVE_CXX11_TLS   -o CMakeFiles/cmTC_a606f.dir/src.cxx.o -c /home/ubuntu/log/glog/google_glog/glog/build/CMakeFiles/CMakeTmp/src.cxx
Linking CXX executable cmTC_a606f
/usr/bin/cmake -E cmake_link_script CMakeFiles/cmTC_a606f.dir/link.txt --verbose=1
/usr/bin/c++   -DHAVE_CXX11_TLS    -rdynamic CMakeFiles/cmTC_a606f.dir/src.cxx.o  -o cmTC_a606f 
make[1]: Leaving directory '/home/ubuntu/log/glog/google_glog/glog/build/CMakeFiles/CMakeTmp'

Source file was:

thread_local int tls;
int main() { }

Performing C++ SOURCE FILE Test HAVE_ALIGNED_STORAGE succeeded with the following output:
Change Dir: /home/ubuntu/log/glog/google_glog/glog/build/CMakeFiles/CMakeTmp

Run Build Command:"/usr/bin/make" "cmTC_4ef77/fast"
/usr/bin/make -f CMakeFiles/cmTC_4ef77.dir/build.make CMakeFiles/cmTC_4ef77.dir/build
make[1]: Entering directory '/home/ubuntu/log/glog/google_glog/glog/build/CMakeFiles/CMakeTmp'
Building CXX object CMakeFiles/cmTC_4ef77.dir/src.cxx.o
/usr/bin/c++    -DHAVE_ALIGNED_STORAGE   -o CMakeFiles/cmTC_4ef77.dir/src.cxx.o -c /home/ubuntu/log/glog/google_glog/glog/build/CMakeFiles/CMakeTmp/src.cxx
Linking CXX executable cmTC_4ef77
/usr/bin/cmake -E cmake_link_script CMakeFiles/cmTC_4ef77.dir/link.txt --verbose=1
/usr/bin/c++   -DHAVE_ALIGNED_STORAGE    -rdynamic CMakeFiles/cmTC_4ef77.dir/src.cxx.o  -o cmTC_4ef77 
make[1]: Leaving directory '/home/ubuntu/log/glog/google_glog/glog/build/CMakeFiles/CMakeTmp'

Source file was:

#include <type_traits>
std::aligned_storage<sizeof(char), alignof(char)>::type data;
int main() { }

Performing C++ SOURCE FILE Test HAVE_LOCALTIME_R succeeded with the following output:
Change Dir: /home/ubuntu/log/glog/google_glog/glog/build/CMakeFiles/CMakeTmp

Run Build Command:"/usr/bin/make" "cmTC_c5b93/fast"
/usr/bin/make -f CMakeFiles/cmTC_c5b93.dir/build.make CMakeFiles/cmTC_c5b93.dir/build
make[1]: Entering directory '/home/ubuntu/log/glog/google_glog/glog/build/CMakeFiles/CMakeTmp'
Building CXX object CMakeFiles/cmTC_c5b93.dir/src.cxx.o
/usr/bin/c++    -DHAVE_LOCALTIME_R   -o CMakeFiles/cmTC_c5b93.dir/src.cxx.o -c /home/ubuntu/log/glog/google_glog/glog/build/CMakeFiles/CMakeTmp/src.cxx
Linking CXX executable cmTC_c5b93
/usr/bin/cmake -E cmake_link_script CMakeFiles/cmTC_c5b93.dir/link.txt --verbose=1
/usr/bin/c++   -DHAVE_LOCALTIME_R    -rdynamic CMakeFiles/cmTC_c5b93.dir/src.cxx.o  -o cmTC_c5b93 
make[1]: Leaving directory '/home/ubuntu/log/glog/google_glog/glog/build/CMakeFiles/CMakeTmp'

Source file was:

#include <cstdlib>
#include <time.h>
int main()
{
    time_t timep;
    struct tm result;
    localtime_r(&timep, &result);
    return EXIT_SUCCESS;
}

